\BOOKMARK [1][-]{section.1}{Introduktion \(Jacob\)}{}% 1
\BOOKMARK [2][-]{subsubsection.1.0.1}{Om udviklingsprocessen}{section.1}% 2
\BOOKMARK [2][-]{subsection.1.1}{Kundens \(undervisers\) krav}{section.1}% 3
\BOOKMARK [3][-]{subsubsection.1.1.1}{Funktionelle}{subsection.1.1}% 4
\BOOKMARK [3][-]{subsubsection.1.1.2}{Designspecifikke }{subsection.1.1}% 5
\BOOKMARK [2][-]{subsection.1.2}{Preprojekt}{section.1}% 6
\BOOKMARK [3][-]{subsubsection.1.2.1}{Storytelling}{subsection.1.2}% 7
\BOOKMARK [3][-]{subsubsection.1.2.2}{Rich Picture}{subsection.1.2}% 8
\BOOKMARK [3][-]{subsubsection.1.2.3}{Kravspecifikation}{subsection.1.2}% 9
\BOOKMARK [3][-]{subsubsection.1.2.4}{Blokdiagram}{subsection.1.2}% 10
\BOOKMARK [1][-]{section.2}{Baggrund}{}% 11
\BOOKMARK [2][-]{subsection.2.1}{Aktive ensretter \(S\370ren og Thomas\)}{section.2}% 12
\BOOKMARK [3][-]{subsubsection.2.1.1}{Passiv vs. aktiv ensretning}{subsection.2.1}% 13
\BOOKMARK [3][-]{subsubsection.2.1.2}{Valg af IC }{subsection.2.1}% 14
\BOOKMARK [3][-]{subsubsection.2.1.3}{Kredsl\370bet}{subsection.2.1}% 15
\BOOKMARK [2][-]{subsection.2.2}{Sp\346ndingsregulator \(Jacob\)}{section.2}% 16
\BOOKMARK [3][-]{subsubsection.2.2.1}{Kravsspecifikation}{subsection.2.2}% 17
\BOOKMARK [3][-]{subsubsection.2.2.2}{Generel analyse}{subsection.2.2}% 18
\BOOKMARK [2][-]{subsection.2.3}{Motorstyring \(Simon\)}{section.2}% 19
\BOOKMARK [3][-]{subsubsection.2.3.1}{Kravsspecifikation}{subsection.2.3}% 20
\BOOKMARK [3][-]{subsubsection.2.3.2}{PID regulering}{subsection.2.3}% 21
\BOOKMARK [3][-]{subsubsection.2.3.3}{Software}{subsection.2.3}% 22
\BOOKMARK [1][-]{section.3}{Metode og analyser}{}% 23
\BOOKMARK [2][-]{subsection.3.1}{Aktive ensretter \(S\370ren og Thomas\)}{section.3}% 24
\BOOKMARK [3][-]{subsubsection.3.1.1}{Test af generators output sp\346nding}{subsection.3.1}% 25
\BOOKMARK [3][-]{subsubsection.3.1.2}{Simulering}{subsection.3.1}% 26
\BOOKMARK [3][-]{subsubsection.3.1.3}{Teststand}{subsection.3.1}% 27
\BOOKMARK [3][-]{subsubsection.3.1.4}{Realisering p\345 breadboard \(nedskaleret\)}{subsection.3.1}% 28
\BOOKMARK [3][-]{subsubsection.3.1.5}{PCB print}{subsection.3.1}% 29
\BOOKMARK [2][-]{subsection.3.2}{Resultat}{section.3}% 30
\BOOKMARK [3][-]{subsubsection.3.2.1}{Nedskaleret test af PCB}{subsection.3.2}% 31
\BOOKMARK [3][-]{subsubsection.3.2.2}{St\370rre load}{subsection.3.2}% 32
\BOOKMARK [3][-]{subsubsection.3.2.3}{Fejls\370gning}{subsection.3.2}% 33
\BOOKMARK [2][-]{subsection.3.3}{Sp\346ndingsregulator \(Jacob\)}{section.3}% 34
\BOOKMARK [3][-]{subsubsection.3.3.1}{Analyse af LM78xx-serien}{subsection.3.3}% 35
\BOOKMARK [3][-]{subsubsection.3.3.2}{Analyse af LM317 }{subsection.3.3}% 36
\BOOKMARK [3][-]{subsubsection.3.3.3}{Analyse af BUCK-konverter}{subsection.3.3}% 37
\BOOKMARK [3][-]{subsubsection.3.3.4}{Implementering af LM317}{subsection.3.3}% 38
\BOOKMARK [3][-]{subsubsection.3.3.5}{Test af BUCK-konverteren}{subsection.3.3}% 39
\BOOKMARK [2][-]{subsection.3.4}{Motorstyring}{section.3}% 40
\BOOKMARK [3][-]{subsubsection.3.4.1}{Servo motor og ESC driver \(S\370ren\)}{subsection.3.4}% 41
\BOOKMARK [3][-]{subsubsection.3.4.2}{Start af motoren}{subsection.3.4}% 42
\BOOKMARK [3][-]{subsubsection.3.4.3}{RPM-detektering}{subsection.3.4}% 43
\BOOKMARK [3][-]{subsubsection.3.4.4}{Stepinput og overf\370ringsfunktion \(Simon\)}{subsection.3.4}% 44
\BOOKMARK [3][-]{subsubsection.3.4.5}{Software \(Simon\)}{subsection.3.4}% 45
\BOOKMARK [1][-]{section.4}{Resultater}{}% 46
\BOOKMARK [2][-]{subsection.4.1}{Aktiv ensretter}{section.4}% 47
\BOOKMARK [2][-]{subsection.4.2}{Sp\346ndingsregulator}{section.4}% 48
\BOOKMARK [3][-]{subsubsection.4.2.1}{Endelig test}{subsection.4.2}% 49
\BOOKMARK [2][-]{subsection.4.3}{Motorstyring}{section.4}% 50
