This is pdfTeX, Version 3.14159265-2.6-1.40.18 (TeX Live 2017/W32TeX) (preloaded format=pdflatex 2017.10.8)  26 MAY 2019 21:18
entering extended mode
 restricted \write18 enabled.
 file:line:error style messages enabled.
 %&-line parsing enabled.
**\input ./prj4rapport.tex
(./prj4rapport.tex

! LaTeX Error: File `../preamble.tex' not found.

Type X to quit or <RETURN> to proceed,
or enter new name. (Default extension: tex)

Enter file name: 
./prj4rapport.tex:1: Emergency stop.
<read *> 
         
l.1 \input{../preamble.tex}
                           ^^M
*** (cannot \read from terminal in nonstop modes)

 
Here is how much of TeX's memory you used:
 7 strings out of 492990
 163 string characters out of 6129798
 54148 words of memory out of 5000000
 3663 multiletter control sequences out of 15000+600000
 3640 words of font info for 14 fonts, out of 8000000 for 9000
 1141 hyphenation exceptions out of 8191
 5i,0n,3p,50b,8s stack positions out of 5000i,500n,10000p,200000b,80000s
./prj4rapport.tex:1:  ==> Fatal error occurred, no output PDF file produced!
