This is pdfTeX, Version 3.14159265-2.6-1.40.19 (TeX Live 2019/dev/Debian) (preloaded format=pdflatex 2018.8.3)  7 MAR 2019 07:16
entering extended mode
 restricted \write18 enabled.
 file:line:error style messages enabled.
 %&-line parsing enabled.
**\input timebox6.tex
(./timebox6.tex (../../preamble.tex
(/usr/share/texlive/texmf-dist/tex/latex/base/article.cls
Document Class: article 2014/09/29 v1.4h Standard LaTeX document class
(/usr/share/texlive/texmf-dist/tex/latex/base/size10.clo
File: size10.clo 2014/09/29 v1.4h Standard LaTeX file (size option)
)
\c@part=\count80
\c@section=\count81
\c@subsection=\count82
\c@subsubsection=\count83
\c@paragraph=\count84
\c@subparagraph=\count85
\c@figure=\count86
\c@table=\count87
\abovecaptionskip=\skip41
\belowcaptionskip=\skip42
\bibindent=\dimen102
)
(/usr/share/texlive/texmf-dist/tex/latex/base/fontenc.sty
Package: fontenc 2017/04/05 v2.0i Standard LaTeX package

(/usr/share/texlive/texmf-dist/tex/latex/base/t1enc.def
File: t1enc.def 2017/04/05 v2.0i Standard LaTeX file
LaTeX Font Info:    Redeclaring font encoding T1 on input line 48.
))
(/usr/share/texlive/texmf-dist/tex/generic/babel/babel.sty
Package: babel 2018/05/02 3.20 The Babel package

(/usr/share/texlive/texmf-dist/tex/generic/babel/switch.def
File: switch.def 2018/05/02 3.20 Babel switching mechanism
)
(/usr/share/texlive/texmf-dist/tex/generic/babel-danish/danish.ldf
Language: danish 2009/09/19 v1.3r Danish support from the babel system

(/usr/share/texlive/texmf-dist/tex/generic/babel/babel.def
File: babel.def 2018/05/02 3.20 Babel common definitions
\babel@savecnt=\count88
\U@D=\dimen103

(/usr/share/texlive/texmf-dist/tex/generic/babel/txtbabel.def)
\bbl@dirlevel=\count89
)
Package babel Info: Making " an active character on input line 82.
))
(/usr/share/texlive/texmf-dist/tex/latex/mdframed/mdframed.sty
Package: mdframed 2013/07/01 1.9b: mdframed

(/usr/share/texlive/texmf-dist/tex/latex/oberdiek/kvoptions.sty
Package: kvoptions 2016/05/16 v3.12 Key value format for package options (HO)

(/usr/share/texlive/texmf-dist/tex/latex/graphics/keyval.sty
Package: keyval 2014/10/28 v1.15 key=value parser (DPC)
\KV@toks@=\toks14
)
(/usr/share/texlive/texmf-dist/tex/generic/oberdiek/ltxcmds.sty
Package: ltxcmds 2016/05/16 v1.23 LaTeX kernel commands for general use (HO)
)
(/usr/share/texlive/texmf-dist/tex/generic/oberdiek/kvsetkeys.sty
Package: kvsetkeys 2016/05/16 v1.17 Key value parser (HO)

(/usr/share/texlive/texmf-dist/tex/generic/oberdiek/infwarerr.sty
Package: infwarerr 2016/05/16 v1.4 Providing info/warning/error messages (HO)
)
(/usr/share/texlive/texmf-dist/tex/generic/oberdiek/etexcmds.sty
Package: etexcmds 2016/05/16 v1.6 Avoid name clashes with e-TeX commands (HO)

(/usr/share/texlive/texmf-dist/tex/generic/oberdiek/ifluatex.sty
Package: ifluatex 2016/05/16 v1.4 Provides the ifluatex switch (HO)
Package ifluatex Info: LuaTeX not detected.
))))
(/usr/share/texlive/texmf-dist/tex/latex/l3packages/xparse/xparse.sty
(/usr/share/texlive/texmf-dist/tex/latex/l3kernel/expl3.sty
Package: expl3 2018-04-30 L3 programming layer (loader) 

(/usr/share/texlive/texmf-dist/tex/latex/l3kernel/expl3-code.tex
Package: expl3 2018-04-30 L3 programming layer (code)
\c_max_int=\count90
\l_tmpa_int=\count91
\l_tmpb_int=\count92
\g_tmpa_int=\count93
\g_tmpb_int=\count94
\g__kernel_prg_map_int=\count95
\c_log_iow=\count96
\l_iow_line_count_int=\count97
\l__iow_line_target_int=\count98
\l__iow_one_indent_int=\count99
\l__iow_indent_int=\count100
\c_zero_dim=\dimen104
\c_max_dim=\dimen105
\l_tmpa_dim=\dimen106
\l_tmpb_dim=\dimen107
\g_tmpa_dim=\dimen108
\g_tmpb_dim=\dimen109
\c_zero_skip=\skip43
\c_max_skip=\skip44
\l_tmpa_skip=\skip45
\l_tmpb_skip=\skip46
\g_tmpa_skip=\skip47
\g_tmpb_skip=\skip48
\c_zero_muskip=\muskip10
\c_max_muskip=\muskip11
\l_tmpa_muskip=\muskip12
\l_tmpb_muskip=\muskip13
\g_tmpa_muskip=\muskip14
\g_tmpb_muskip=\muskip15
\l_keys_choice_int=\count101
\c__fp_leading_shift_int=\count102
\c__fp_middle_shift_int=\count103
\c__fp_trailing_shift_int=\count104
\c__fp_big_leading_shift_int=\count105
\c__fp_big_middle_shift_int=\count106
\c__fp_big_trailing_shift_int=\count107
\c__fp_Bigg_leading_shift_int=\count108
\c__fp_Bigg_middle_shift_int=\count109
\c__fp_Bigg_trailing_shift_int=\count110
\c__fp_rand_size_int=\count111
\c__fp_rand_four_int=\count112
\c__fp_rand_eight_int=\count113
\c__intarray_sp_dim=\dimen110
\g__intarray_font_int=\count114
\l__sort_length_int=\count115
\l__sort_min_int=\count116
\l__sort_top_int=\count117
\l__sort_max_int=\count118
\l__sort_true_max_int=\count119
\l__sort_block_int=\count120
\l__sort_begin_int=\count121
\l__sort_end_int=\count122
\l__sort_A_int=\count123
\l__sort_B_int=\count124
\l__sort_C_int=\count125
\l__tl_analysis_normal_int=\count126
\l__tl_analysis_index_int=\count127
\l__tl_analysis_nesting_int=\count128
\l__tl_analysis_type_int=\count129
\l__regex_internal_a_int=\count130
\l__regex_internal_b_int=\count131
\l__regex_internal_c_int=\count132
\l__regex_balance_int=\count133
\l__regex_group_level_int=\count134
\l__regex_mode_int=\count135
\c__regex_cs_in_class_mode_int=\count136
\c__regex_cs_mode_int=\count137
\l__regex_catcodes_int=\count138
\l__regex_default_catcodes_int=\count139
\c__regex_catcode_D_int=\count140
\c__regex_catcode_S_int=\count141
\c__regex_catcode_L_int=\count142
\c__regex_catcode_O_int=\count143
\c__regex_catcode_A_int=\count144
\c__regex_all_catcodes_int=\count145
\l__regex_show_lines_int=\count146
\l__regex_min_state_int=\count147
\l__regex_max_state_int=\count148
\l__regex_left_state_int=\count149
\l__regex_right_state_int=\count150
\l__regex_capturing_group_int=\count151
\l__regex_min_pos_int=\count152
\l__regex_max_pos_int=\count153
\l__regex_curr_pos_int=\count154
\l__regex_start_pos_int=\count155
\l__regex_success_pos_int=\count156
\l__regex_curr_char_int=\count157
\l__regex_curr_catcode_int=\count158
\l__regex_last_char_int=\count159
\l__regex_case_changed_char_int=\count160
\l__regex_curr_state_int=\count161
\l__regex_step_int=\count162
\l__regex_min_active_int=\count163
\l__regex_max_active_int=\count164
\l__regex_replacement_csnames_int=\count165
\l__regex_match_count_int=\count166
\l__regex_min_submatch_int=\count167
\l__regex_submatch_int=\count168
\l__regex_zeroth_submatch_int=\count169
\g__regex_trace_regex_int=\count170
\c_empty_box=\box26
\l_tmpa_box=\box27
\l_tmpb_box=\box28
\g_tmpa_box=\box29
\g_tmpb_box=\box30
\l__box_top_dim=\dimen111
\l__box_bottom_dim=\dimen112
\l__box_left_dim=\dimen113
\l__box_right_dim=\dimen114
\l__box_top_new_dim=\dimen115
\l__box_bottom_new_dim=\dimen116
\l__box_left_new_dim=\dimen117
\l__box_right_new_dim=\dimen118
\l__box_internal_box=\box31
\l__coffin_internal_box=\box32
\l__coffin_internal_dim=\dimen119
\l__coffin_offset_x_dim=\dimen120
\l__coffin_offset_y_dim=\dimen121
\l__coffin_x_dim=\dimen122
\l__coffin_y_dim=\dimen123
\l__coffin_x_prime_dim=\dimen124
\l__coffin_y_prime_dim=\dimen125
\c_empty_coffin=\box33
\l__coffin_aligned_coffin=\box34
\l__coffin_aligned_internal_coffin=\box35
\l_tmpa_coffin=\box36
\l_tmpb_coffin=\box37
\l__coffin_display_coffin=\box38
\l__coffin_display_coord_coffin=\box39
\l__coffin_display_pole_coffin=\box40
\l__coffin_display_offset_dim=\dimen126
\l__coffin_display_x_dim=\dimen127
\l__coffin_display_y_dim=\dimen128
\g__file_internal_ior=\read1
\l__coffin_bounding_shift_dim=\dimen129
\l__coffin_left_corner_dim=\dimen130
\l__coffin_right_corner_dim=\dimen131
\l__coffin_bottom_corner_dim=\dimen132
\l__coffin_top_corner_dim=\dimen133
\l__coffin_scaled_total_height_dim=\dimen134
\l__coffin_scaled_width_dim=\dimen135
\l__seq_internal_a_int=\count171
\l__seq_internal_b_int=\count172
)
(/usr/share/texlive/texmf-dist/tex/latex/l3kernel/l3pdfmode.def
File: l3pdfmode.def 2018-04-30 v L3 Experimental driver: PDF mode
\l__driver_color_stack_int=\count173
))
Package: xparse 2018-04-30 L3 Experimental document command parser
\l__xparse_current_arg_int=\count174
\g__xparse_grabber_int=\count175
\l__xparse_m_args_int=\count176
\l__xparse_mandatory_args_int=\count177
\l__xparse_v_nesting_int=\count178
)
(/usr/share/texlive/texmf-dist/tex/latex/etoolbox/etoolbox.sty
Package: etoolbox 2018/02/11 v2.5e e-TeX tools for LaTeX (JAW)
\etb@tempcnta=\count179
)
(/usr/share/texlive/texmf-dist/tex/latex/oberdiek/zref-abspage.sty
Package: zref-abspage 2016/05/21 v2.26 Module abspage for zref (HO)

(/usr/share/texlive/texmf-dist/tex/latex/oberdiek/zref-base.sty
Package: zref-base 2016/05/21 v2.26 Module base for zref (HO)

(/usr/share/texlive/texmf-dist/tex/generic/oberdiek/kvdefinekeys.sty
Package: kvdefinekeys 2016/05/16 v1.4 Define keys (HO)
)
(/usr/share/texlive/texmf-dist/tex/generic/oberdiek/pdftexcmds.sty
Package: pdftexcmds 2018/01/30 v0.27 Utility functions of pdfTeX for LuaTeX (HO
)

(/usr/share/texlive/texmf-dist/tex/generic/oberdiek/ifpdf.sty
Package: ifpdf 2017/03/15 v3.2 Provides the ifpdf switch
)
Package pdftexcmds Info: LuaTeX not detected.
Package pdftexcmds Info: \pdf@primitive is available.
Package pdftexcmds Info: \pdf@ifprimitive is available.
Package pdftexcmds Info: \pdfdraftmode found.
)
(/usr/share/texlive/texmf-dist/tex/latex/oberdiek/auxhook.sty
Package: auxhook 2016/05/16 v1.4 Hooks for auxiliary files (HO)
)
Package zref Info: New property list: main on input line 759.
Package zref Info: New property: default on input line 760.
Package zref Info: New property: page on input line 761.
)
(/usr/share/texlive/texmf-dist/tex/generic/oberdiek/atbegshi.sty
Package: atbegshi 2016/06/09 v1.18 At begin shipout hook (HO)
)
\c@abspage=\count180
Package zref Info: New property: abspage on input line 62.
)
(/usr/share/texlive/texmf-dist/tex/latex/needspace/needspace.sty
Package: needspace 2010/09/12 v1.3d reserve vertical space
)
(/usr/share/texlive/texmf-dist/tex/latex/graphics/color.sty
Package: color 2016/07/10 v1.1e Standard LaTeX Color (DPC)

(/usr/share/texlive/texmf-dist/tex/latex/graphics-cfg/color.cfg
File: color.cfg 2016/01/02 v1.6 sample color configuration
)
Package color Info: Driver file: pdftex.def on input line 147.

(/usr/share/texlive/texmf-dist/tex/latex/graphics-def/pdftex.def
File: pdftex.def 2018/01/08 v1.0l Graphics/color driver for pdftex
))
\mdf@templength=\skip49
\c@mdf@globalstyle@cnt=\count181
\mdf@skipabove@length=\skip50
\mdf@skipbelow@length=\skip51
\mdf@leftmargin@length=\skip52
\mdf@rightmargin@length=\skip53
\mdf@innerleftmargin@length=\skip54
\mdf@innerrightmargin@length=\skip55
\mdf@innertopmargin@length=\skip56
\mdf@innerbottommargin@length=\skip57
\mdf@splittopskip@length=\skip58
\mdf@splitbottomskip@length=\skip59
\mdf@outermargin@length=\skip60
\mdf@innermargin@length=\skip61
\mdf@linewidth@length=\skip62
\mdf@innerlinewidth@length=\skip63
\mdf@middlelinewidth@length=\skip64
\mdf@outerlinewidth@length=\skip65
\mdf@roundcorner@length=\skip66
\mdf@footenotedistance@length=\skip67
\mdf@userdefinedwidth@length=\skip68
\mdf@needspace@length=\skip69
\mdf@frametitleaboveskip@length=\skip70
\mdf@frametitlebelowskip@length=\skip71
\mdf@frametitlerulewidth@length=\skip72
\mdf@frametitleleftmargin@length=\skip73
\mdf@frametitlerightmargin@length=\skip74
\mdf@shadowsize@length=\skip75
\mdf@extratopheight@length=\skip76
\mdf@subtitleabovelinewidth@length=\skip77
\mdf@subtitlebelowlinewidth@length=\skip78
\mdf@subtitleaboveskip@length=\skip79
\mdf@subtitlebelowskip@length=\skip80
\mdf@subtitleinneraboveskip@length=\skip81
\mdf@subtitleinnerbelowskip@length=\skip82
\mdf@subsubtitleabovelinewidth@length=\skip83
\mdf@subsubtitlebelowlinewidth@length=\skip84
\mdf@subsubtitleaboveskip@length=\skip85
\mdf@subsubtitlebelowskip@length=\skip86
\mdf@subsubtitleinneraboveskip@length=\skip87
\mdf@subsubtitleinnerbelowskip@length=\skip88

(/usr/share/texlive/texmf-dist/tex/latex/pgf/frontendlayer/tikz.sty
(/usr/share/texlive/texmf-dist/tex/latex/pgf/basiclayer/pgf.sty
(/usr/share/texlive/texmf-dist/tex/latex/pgf/utilities/pgfrcs.sty
(/usr/share/texlive/texmf-dist/tex/generic/pgf/utilities/pgfutil-common.tex
\pgfutil@everybye=\toks15
\pgfutil@tempdima=\dimen136
\pgfutil@tempdimb=\dimen137

(/usr/share/texlive/texmf-dist/tex/generic/pgf/utilities/pgfutil-common-lists.t
ex)) (/usr/share/texlive/texmf-dist/tex/generic/pgf/utilities/pgfutil-latex.def
\pgfutil@abb=\box41
(/usr/share/texlive/texmf-dist/tex/latex/ms/everyshi.sty
Package: everyshi 2001/05/15 v3.00 EveryShipout Package (MS)
))
(/usr/share/texlive/texmf-dist/tex/generic/pgf/utilities/pgfrcs.code.tex
Package: pgfrcs 2015/08/07 v3.0.1a (rcs-revision 1.31)
))
Package: pgf 2015/08/07 v3.0.1a (rcs-revision 1.15)

(/usr/share/texlive/texmf-dist/tex/latex/pgf/basiclayer/pgfcore.sty
(/usr/share/texlive/texmf-dist/tex/latex/graphics/graphicx.sty
Package: graphicx 2017/06/01 v1.1a Enhanced LaTeX Graphics (DPC,SPQR)

(/usr/share/texlive/texmf-dist/tex/latex/graphics/graphics.sty
Package: graphics 2017/06/25 v1.2c Standard LaTeX Graphics (DPC,SPQR)

(/usr/share/texlive/texmf-dist/tex/latex/graphics/trig.sty
Package: trig 2016/01/03 v1.10 sin cos tan (DPC)
)
(/usr/share/texlive/texmf-dist/tex/latex/graphics-cfg/graphics.cfg
File: graphics.cfg 2016/06/04 v1.11 sample graphics configuration
)
Package graphics Info: Driver file: pdftex.def on input line 99.
)
\Gin@req@height=\dimen138
\Gin@req@width=\dimen139
)
(/usr/share/texlive/texmf-dist/tex/latex/pgf/systemlayer/pgfsys.sty
(/usr/share/texlive/texmf-dist/tex/generic/pgf/systemlayer/pgfsys.code.tex
Package: pgfsys 2014/07/09 v3.0.1a (rcs-revision 1.48)

(/usr/share/texlive/texmf-dist/tex/generic/pgf/utilities/pgfkeys.code.tex
\pgfkeys@pathtoks=\toks16
\pgfkeys@temptoks=\toks17

(/usr/share/texlive/texmf-dist/tex/generic/pgf/utilities/pgfkeysfiltered.code.t
ex
\pgfkeys@tmptoks=\toks18
))
\pgf@x=\dimen140
\pgf@y=\dimen141
\pgf@xa=\dimen142
\pgf@ya=\dimen143
\pgf@xb=\dimen144
\pgf@yb=\dimen145
\pgf@xc=\dimen146
\pgf@yc=\dimen147
\w@pgf@writea=\write3
\r@pgf@reada=\read2
\c@pgf@counta=\count182
\c@pgf@countb=\count183
\c@pgf@countc=\count184
\c@pgf@countd=\count185
\t@pgf@toka=\toks19
\t@pgf@tokb=\toks20
\t@pgf@tokc=\toks21
 (/usr/share/texlive/texmf-dist/tex/generic/pgf/systemlayer/pgf.cfg
File: pgf.cfg 2008/05/14  (rcs-revision 1.7)
)
Driver file for pgf: pgfsys-pdftex.def

(/usr/share/texlive/texmf-dist/tex/generic/pgf/systemlayer/pgfsys-pdftex.def
File: pgfsys-pdftex.def 2014/10/11  (rcs-revision 1.35)

(/usr/share/texlive/texmf-dist/tex/generic/pgf/systemlayer/pgfsys-common-pdf.de
f
File: pgfsys-common-pdf.def 2013/10/10  (rcs-revision 1.13)
)))
(/usr/share/texlive/texmf-dist/tex/generic/pgf/systemlayer/pgfsyssoftpath.code.
tex
File: pgfsyssoftpath.code.tex 2013/09/09  (rcs-revision 1.9)
\pgfsyssoftpath@smallbuffer@items=\count186
\pgfsyssoftpath@bigbuffer@items=\count187
)
(/usr/share/texlive/texmf-dist/tex/generic/pgf/systemlayer/pgfsysprotocol.code.
tex
File: pgfsysprotocol.code.tex 2006/10/16  (rcs-revision 1.4)
)) (/usr/share/texlive/texmf-dist/tex/latex/xcolor/xcolor.sty
Package: xcolor 2016/05/11 v2.12 LaTeX color extensions (UK)

(/usr/share/texlive/texmf-dist/tex/latex/graphics-cfg/color.cfg
File: color.cfg 2016/01/02 v1.6 sample color configuration
)
Package xcolor Info: Driver file: pdftex.def on input line 225.
LaTeX Info: Redefining \color on input line 709.
Package xcolor Info: Model `cmy' substituted by `cmy0' on input line 1348.
Package xcolor Info: Model `hsb' substituted by `rgb' on input line 1352.
Package xcolor Info: Model `RGB' extended on input line 1364.
Package xcolor Info: Model `HTML' substituted by `rgb' on input line 1366.
Package xcolor Info: Model `Hsb' substituted by `hsb' on input line 1367.
Package xcolor Info: Model `tHsb' substituted by `hsb' on input line 1368.
Package xcolor Info: Model `HSB' substituted by `hsb' on input line 1369.
Package xcolor Info: Model `Gray' substituted by `gray' on input line 1370.
Package xcolor Info: Model `wave' substituted by `hsb' on input line 1371.
)
(/usr/share/texlive/texmf-dist/tex/generic/pgf/basiclayer/pgfcore.code.tex
Package: pgfcore 2010/04/11 v3.0.1a (rcs-revision 1.7)

(/usr/share/texlive/texmf-dist/tex/generic/pgf/math/pgfmath.code.tex
(/usr/share/texlive/texmf-dist/tex/generic/pgf/math/pgfmathcalc.code.tex
(/usr/share/texlive/texmf-dist/tex/generic/pgf/math/pgfmathutil.code.tex)
(/usr/share/texlive/texmf-dist/tex/generic/pgf/math/pgfmathparser.code.tex
\pgfmath@dimen=\dimen148
\pgfmath@count=\count188
\pgfmath@box=\box42
\pgfmath@toks=\toks22
\pgfmath@stack@operand=\toks23
\pgfmath@stack@operation=\toks24
)
(/usr/share/texlive/texmf-dist/tex/generic/pgf/math/pgfmathfunctions.code.tex
(/usr/share/texlive/texmf-dist/tex/generic/pgf/math/pgfmathfunctions.basic.code
.tex)
(/usr/share/texlive/texmf-dist/tex/generic/pgf/math/pgfmathfunctions.trigonomet
ric.code.tex)
(/usr/share/texlive/texmf-dist/tex/generic/pgf/math/pgfmathfunctions.random.cod
e.tex)
(/usr/share/texlive/texmf-dist/tex/generic/pgf/math/pgfmathfunctions.comparison
.code.tex)
(/usr/share/texlive/texmf-dist/tex/generic/pgf/math/pgfmathfunctions.base.code.
tex)
(/usr/share/texlive/texmf-dist/tex/generic/pgf/math/pgfmathfunctions.round.code
.tex)
(/usr/share/texlive/texmf-dist/tex/generic/pgf/math/pgfmathfunctions.misc.code.
tex)
(/usr/share/texlive/texmf-dist/tex/generic/pgf/math/pgfmathfunctions.integerari
thmetics.code.tex)))
(/usr/share/texlive/texmf-dist/tex/generic/pgf/math/pgfmathfloat.code.tex
\c@pgfmathroundto@lastzeros=\count189
))
(/usr/share/texlive/texmf-dist/tex/generic/pgf/basiclayer/pgfcorepoints.code.te
x
File: pgfcorepoints.code.tex 2013/10/07  (rcs-revision 1.27)
\pgf@picminx=\dimen149
\pgf@picmaxx=\dimen150
\pgf@picminy=\dimen151
\pgf@picmaxy=\dimen152
\pgf@pathminx=\dimen153
\pgf@pathmaxx=\dimen154
\pgf@pathminy=\dimen155
\pgf@pathmaxy=\dimen156
\pgf@xx=\dimen157
\pgf@xy=\dimen158
\pgf@yx=\dimen159
\pgf@yy=\dimen160
\pgf@zx=\dimen161
\pgf@zy=\dimen162
)
(/usr/share/texlive/texmf-dist/tex/generic/pgf/basiclayer/pgfcorepathconstruct.
code.tex
File: pgfcorepathconstruct.code.tex 2013/10/07  (rcs-revision 1.29)
\pgf@path@lastx=\dimen163
\pgf@path@lasty=\dimen164
)
(/usr/share/texlive/texmf-dist/tex/generic/pgf/basiclayer/pgfcorepathusage.code
.tex
File: pgfcorepathusage.code.tex 2014/11/02  (rcs-revision 1.24)
\pgf@shorten@end@additional=\dimen165
\pgf@shorten@start@additional=\dimen166
)
(/usr/share/texlive/texmf-dist/tex/generic/pgf/basiclayer/pgfcorescopes.code.te
x
File: pgfcorescopes.code.tex 2015/05/08  (rcs-revision 1.46)
\pgfpic=\box43
\pgf@hbox=\box44
\pgf@layerbox@main=\box45
\pgf@picture@serial@count=\count190
)
(/usr/share/texlive/texmf-dist/tex/generic/pgf/basiclayer/pgfcoregraphicstate.c
ode.tex
File: pgfcoregraphicstate.code.tex 2014/11/02  (rcs-revision 1.12)
\pgflinewidth=\dimen167
)
(/usr/share/texlive/texmf-dist/tex/generic/pgf/basiclayer/pgfcoretransformation
s.code.tex
File: pgfcoretransformations.code.tex 2015/08/07  (rcs-revision 1.20)
\pgf@pt@x=\dimen168
\pgf@pt@y=\dimen169
\pgf@pt@temp=\dimen170
)
(/usr/share/texlive/texmf-dist/tex/generic/pgf/basiclayer/pgfcorequick.code.tex
File: pgfcorequick.code.tex 2008/10/09  (rcs-revision 1.3)
)
(/usr/share/texlive/texmf-dist/tex/generic/pgf/basiclayer/pgfcoreobjects.code.t
ex
File: pgfcoreobjects.code.tex 2006/10/11  (rcs-revision 1.2)
)
(/usr/share/texlive/texmf-dist/tex/generic/pgf/basiclayer/pgfcorepathprocessing
.code.tex
File: pgfcorepathprocessing.code.tex 2013/09/09  (rcs-revision 1.9)
)
(/usr/share/texlive/texmf-dist/tex/generic/pgf/basiclayer/pgfcorearrows.code.te
x
File: pgfcorearrows.code.tex 2015/05/14  (rcs-revision 1.43)
\pgfarrowsep=\dimen171
)
(/usr/share/texlive/texmf-dist/tex/generic/pgf/basiclayer/pgfcoreshade.code.tex
File: pgfcoreshade.code.tex 2013/07/15  (rcs-revision 1.15)
\pgf@max=\dimen172
\pgf@sys@shading@range@num=\count191
)
(/usr/share/texlive/texmf-dist/tex/generic/pgf/basiclayer/pgfcoreimage.code.tex
File: pgfcoreimage.code.tex 2013/07/15  (rcs-revision 1.18)

(/usr/share/texlive/texmf-dist/tex/generic/pgf/basiclayer/pgfcoreexternal.code.
tex
File: pgfcoreexternal.code.tex 2014/07/09  (rcs-revision 1.21)
\pgfexternal@startupbox=\box46
))
(/usr/share/texlive/texmf-dist/tex/generic/pgf/basiclayer/pgfcorelayers.code.te
x
File: pgfcorelayers.code.tex 2013/07/18  (rcs-revision 1.7)
)
(/usr/share/texlive/texmf-dist/tex/generic/pgf/basiclayer/pgfcoretransparency.c
ode.tex
File: pgfcoretransparency.code.tex 2013/09/30  (rcs-revision 1.5)
)
(/usr/share/texlive/texmf-dist/tex/generic/pgf/basiclayer/pgfcorepatterns.code.
tex
File: pgfcorepatterns.code.tex 2013/11/07  (rcs-revision 1.5)
)))
(/usr/share/texlive/texmf-dist/tex/generic/pgf/modules/pgfmoduleshapes.code.tex
File: pgfmoduleshapes.code.tex 2014/03/21  (rcs-revision 1.35)
\pgfnodeparttextbox=\box47
) (/usr/share/texlive/texmf-dist/tex/generic/pgf/modules/pgfmoduleplot.code.tex
File: pgfmoduleplot.code.tex 2015/08/03  (rcs-revision 1.13)
)
(/usr/share/texlive/texmf-dist/tex/latex/pgf/compatibility/pgfcomp-version-0-65
.sty
Package: pgfcomp-version-0-65 2007/07/03 v3.0.1a (rcs-revision 1.7)
\pgf@nodesepstart=\dimen173
\pgf@nodesepend=\dimen174
)
(/usr/share/texlive/texmf-dist/tex/latex/pgf/compatibility/pgfcomp-version-1-18
.sty
Package: pgfcomp-version-1-18 2007/07/23 v3.0.1a (rcs-revision 1.1)
)) (/usr/share/texlive/texmf-dist/tex/latex/pgf/utilities/pgffor.sty
(/usr/share/texlive/texmf-dist/tex/latex/pgf/utilities/pgfkeys.sty
(/usr/share/texlive/texmf-dist/tex/generic/pgf/utilities/pgfkeys.code.tex))
(/usr/share/texlive/texmf-dist/tex/latex/pgf/math/pgfmath.sty
(/usr/share/texlive/texmf-dist/tex/generic/pgf/math/pgfmath.code.tex))
(/usr/share/texlive/texmf-dist/tex/generic/pgf/utilities/pgffor.code.tex
Package: pgffor 2013/12/13 v3.0.1a (rcs-revision 1.25)

(/usr/share/texlive/texmf-dist/tex/generic/pgf/math/pgfmath.code.tex)
\pgffor@iter=\dimen175
\pgffor@skip=\dimen176
\pgffor@stack=\toks25
\pgffor@toks=\toks26
))
(/usr/share/texlive/texmf-dist/tex/generic/pgf/frontendlayer/tikz/tikz.code.tex
Package: tikz 2015/08/07 v3.0.1a (rcs-revision 1.151)

(/usr/share/texlive/texmf-dist/tex/generic/pgf/libraries/pgflibraryplothandlers
.code.tex
File: pgflibraryplothandlers.code.tex 2013/08/31 v3.0.1a (rcs-revision 1.20)
\pgf@plot@mark@count=\count192
\pgfplotmarksize=\dimen177
)
\tikz@lastx=\dimen178
\tikz@lasty=\dimen179
\tikz@lastxsaved=\dimen180
\tikz@lastysaved=\dimen181
\tikzleveldistance=\dimen182
\tikzsiblingdistance=\dimen183
\tikz@figbox=\box48
\tikz@figbox@bg=\box49
\tikz@tempbox=\box50
\tikz@tempbox@bg=\box51
\tikztreelevel=\count193
\tikznumberofchildren=\count194
\tikznumberofcurrentchild=\count195
\tikz@fig@count=\count196

(/usr/share/texlive/texmf-dist/tex/generic/pgf/modules/pgfmodulematrix.code.tex
File: pgfmodulematrix.code.tex 2013/09/17  (rcs-revision 1.8)
\pgfmatrixcurrentrow=\count197
\pgfmatrixcurrentcolumn=\count198
\pgf@matrix@numberofcolumns=\count199
)
\tikz@expandcount=\count266

(/usr/share/texlive/texmf-dist/tex/generic/pgf/frontendlayer/tikz/libraries/tik
zlibrarytopaths.code.tex
File: tikzlibrarytopaths.code.tex 2008/06/17 v3.0.1a (rcs-revision 1.2)
)))
(/usr/share/texlive/texmf-dist/tex/latex/mdframed/md-frame-1.mdf
File: md-frame-1.mdf 2013/07/01\ 1.9b: md-frame-1
)
\mdf@frametitlebox=\box52
\mdf@footnotebox=\box53
\mdf@splitbox@one=\box54
\mdf@splitbox@two=\box55
\mdf@splitbox@save=\box56
\mdfsplitboxwidth=\skip89
\mdfsplitboxtotalwidth=\skip90
\mdfsplitboxheight=\skip91
\mdfsplitboxdepth=\skip92
\mdfsplitboxtotalheight=\skip93
\mdfframetitleboxwidth=\skip94
\mdfframetitleboxtotalwidth=\skip95
\mdfframetitleboxheight=\skip96
\mdfframetitleboxdepth=\skip97
\mdfframetitleboxtotalheight=\skip98
\mdffootnoteboxwidth=\skip99
\mdffootnoteboxtotalwidth=\skip100
\mdffootnoteboxheight=\skip101
\mdffootnoteboxdepth=\skip102
\mdffootnoteboxtotalheight=\skip103
\mdftotallinewidth=\skip104
\mdfboundingboxwidth=\skip105
\mdfboundingboxtotalwidth=\skip106
\mdfboundingboxheight=\skip107
\mdfboundingboxdepth=\skip108
\mdfboundingboxtotalheight=\skip109
\mdf@freevspace@length=\skip110
\mdf@horizontalwidthofbox@length=\skip111
\mdf@verticalmarginwhole@length=\skip112
\mdf@horizontalspaceofbox=\skip113
\mdfsubtitleheight=\skip114
\mdfsubsubtitleheight=\skip115
\c@mdfcountframes=\count267

****** mdframed patching \endmdf@trivlist

****** -- success******

.................................................
. LaTeX info: "xparse/define-command"
. 
. Defining command \newmdtheoremenv with sig. 'O{} m o m o ' on line 601.
.................................................
.................................................
. LaTeX info: "xparse/define-command"
. 
. Defining command \mdtheorem with sig. ' O{} m o m o ' on line 701.
.................................................
\mdf@envdepth=\count268
\c@mdf@env@i=\count269
\c@mdf@env@ii=\count270
\c@mdf@zref@counter=\count271
Package zref Info: New property: mdf@pagevalue on input line 895.
)
(/usr/share/texlive/texmf-dist/tex/latex/hyperref/hyperref.sty
Package: hyperref 2018/02/06 v6.86b Hypertext links for LaTeX

(/usr/share/texlive/texmf-dist/tex/generic/oberdiek/hobsub-hyperref.sty
Package: hobsub-hyperref 2016/05/16 v1.14 Bundle oberdiek, subset hyperref (HO)


(/usr/share/texlive/texmf-dist/tex/generic/oberdiek/hobsub-generic.sty
Package: hobsub-generic 2016/05/16 v1.14 Bundle oberdiek, subset generic (HO)
Package: hobsub 2016/05/16 v1.14 Construct package bundles (HO)
Package hobsub Info: Skipping package `infwarerr' (already loaded).
Package hobsub Info: Skipping package `ltxcmds' (already loaded).
Package hobsub Info: Skipping package `ifluatex' (already loaded).
Package: ifvtex 2016/05/16 v1.6 Detect VTeX and its facilities (HO)
Package ifvtex Info: VTeX not detected.
Package: intcalc 2016/05/16 v1.2 Expandable calculations with integers (HO)
Package hobsub Info: Skipping package `ifpdf' (already loaded).
Package hobsub Info: Skipping package `etexcmds' (already loaded).
Package hobsub Info: Skipping package `kvsetkeys' (already loaded).
Package hobsub Info: Skipping package `kvdefinekeys' (already loaded).
Package hobsub Info: Skipping package `pdftexcmds' (already loaded).
Package: pdfescape 2016/05/16 v1.14 Implements pdfTeX's escape features (HO)
Package: bigintcalc 2016/05/16 v1.4 Expandable calculations on big integers (HO
)
Package: bitset 2016/05/16 v1.2 Handle bit-vector datatype (HO)
Package: uniquecounter 2016/05/16 v1.3 Provide unlimited unique counter (HO)
)
Package hobsub Info: Skipping package `hobsub' (already loaded).
Package: letltxmacro 2016/05/16 v1.5 Let assignment for LaTeX macros (HO)
Package: hopatch 2016/05/16 v1.3 Wrapper for package hooks (HO)
Package: xcolor-patch 2016/05/16 xcolor patch
Package: atveryend 2016/05/16 v1.9 Hooks at the very end of document (HO)
Package hobsub Info: Skipping package `atbegshi' (already loaded).
Package: refcount 2016/05/16 v3.5 Data extraction from label references (HO)
Package: hycolor 2016/05/16 v1.8 Color options for hyperref/bookmark (HO)
)
(/usr/share/texlive/texmf-dist/tex/generic/ifxetex/ifxetex.sty
Package: ifxetex 2010/09/12 v0.6 Provides ifxetex conditional
)
\@linkdim=\dimen184
\Hy@linkcounter=\count272
\Hy@pagecounter=\count273

(/usr/share/texlive/texmf-dist/tex/latex/hyperref/pd1enc.def
File: pd1enc.def 2018/02/06 v6.86b Hyperref: PDFDocEncoding definition (HO)
Now handling font encoding PD1 ...
... no UTF-8 mapping file for font encoding PD1
)
\Hy@SavedSpaceFactor=\count274

(/usr/share/texlive/texmf-dist/tex/latex/latexconfig/hyperref.cfg
File: hyperref.cfg 2002/06/06 v1.2 hyperref configuration of TeXLive
)
Package hyperref Info: Hyper figures OFF on input line 4509.
Package hyperref Info: Link nesting OFF on input line 4514.
Package hyperref Info: Hyper index ON on input line 4517.
Package hyperref Info: Plain pages OFF on input line 4524.
Package hyperref Info: Backreferencing OFF on input line 4529.
Package hyperref Info: Implicit mode ON; LaTeX internals redefined.
Package hyperref Info: Bookmarks ON on input line 4762.
\c@Hy@tempcnt=\count275

(/usr/share/texlive/texmf-dist/tex/latex/url/url.sty
\Urlmuskip=\muskip16
Package: url 2013/09/16  ver 3.4  Verb mode for urls, etc.
)
LaTeX Info: Redefining \url on input line 5115.
\XeTeXLinkMargin=\dimen185
\Fld@menulength=\count276
\Field@Width=\dimen186
\Fld@charsize=\dimen187
Package hyperref Info: Hyper figures OFF on input line 6369.
Package hyperref Info: Link nesting OFF on input line 6374.
Package hyperref Info: Hyper index ON on input line 6377.
Package hyperref Info: backreferencing OFF on input line 6384.
Package hyperref Info: Link coloring OFF on input line 6389.
Package hyperref Info: Link coloring with OCG OFF on input line 6394.
Package hyperref Info: PDF/A mode OFF on input line 6399.
LaTeX Info: Redefining \ref on input line 6439.
LaTeX Info: Redefining \pageref on input line 6443.
\Hy@abspage=\count277
\c@Item=\count278
\c@Hfootnote=\count279
)
Package hyperref Info: Driver (autodetected): hpdftex.

(/usr/share/texlive/texmf-dist/tex/latex/hyperref/hpdftex.def
File: hpdftex.def 2018/02/06 v6.86b Hyperref driver for pdfTeX
\HyAnn@Count=\count280
\Fld@listcount=\count281
\c@bookmark@seq@number=\count282

(/usr/share/texlive/texmf-dist/tex/latex/oberdiek/rerunfilecheck.sty
Package: rerunfilecheck 2016/05/16 v1.8 Rerun checks for auxiliary files (HO)
Package uniquecounter Info: New unique counter `rerunfilecheck' on input line 2
82.
)
\Hy@SectionHShift=\skip116
)
(/usr/share/texlive/texmf-dist/tex/latex/circuitikz/circuitikz.sty
Package: circuitikz 2017/05/28{} The CircuiTikz circuit drawing package version
 0.8.3

(/usr/share/texlive/texmf-dist/tex/generic/pgf/frontendlayer/tikz/libraries/tik
zlibrarycalc.code.tex
File: tikzlibrarycalc.code.tex 2013/07/15 v3.0.1a (rcs-revision 1.9)
)
(/usr/share/texlive/texmf-dist/tex/generic/pgf/libraries/pgflibraryarrows.code.
tex
File: pgflibraryarrows.code.tex 2013/09/23 v3.0.1a (rcs-revision 1.16)
\arrowsize=\dimen188
) (/usr/share/texlive/texmf-dist/tex/generic/circuitikz/pgfcirc.defines.tex
\pgf@circ@res@up=\dimen189
\pgf@circ@res@down=\dimen190
\pgf@circ@res@zero=\dimen191
\pgf@circ@res@left=\dimen192
\pgf@circ@res@right=\dimen193
\pgf@circ@res@other=\dimen194
\pgf@circ@res@step=\dimen195
\pgf@circ@res@temp=\dimen196
\pgfstartlinewidth=\dimen197
\pgf@circ@Rlen=\dimen198
) (/usr/share/texlive/texmf-dist/tex/generic/circuitikz/pgfcircutils.tex)
(/usr/share/texlive/texmf-dist/tex/generic/circuitikz/pgfcircshapes.tex)
(/usr/share/texlive/texmf-dist/tex/generic/circuitikz/pgfcircmonopoles.tex)
(/usr/share/texlive/texmf-dist/tex/generic/circuitikz/pgfcircbipoles.tex)
(/usr/share/texlive/texmf-dist/tex/generic/circuitikz/pgfcirctripoles.tex)
(/usr/share/texlive/texmf-dist/tex/generic/circuitikz/pgfcircquadpoles.tex)
(/usr/share/texlive/texmf-dist/tex/generic/circuitikz/pgfcirclabel.tex)
(/usr/share/texlive/texmf-dist/tex/generic/circuitikz/pgfcircvoltage.tex)
(/usr/share/texlive/texmf-dist/tex/generic/circuitikz/pgfcirccurrent.tex)
(/usr/share/texlive/texmf-dist/tex/generic/circuitikz/pgfcircflow.tex)
(/usr/share/texlive/texmf-dist/tex/generic/circuitikz/pgfcircpath.tex)
(/usr/share/texlive/texmf-dist/tex/generic/xstring/xstring.sty
(/usr/share/texlive/texmf-dist/tex/generic/xstring/xstring.tex
\@xs@message=\write4
\integerpart=\count283
\decimalpart=\count284
)
Package: xstring 2013/10/13  v1.7c  String manipulations (C Tellechea)
)
(/usr/share/texlive/texmf-dist/tex/latex/siunitx/siunitx.sty
Package: siunitx 2018-05-02 v2.7o A comprehensive (SI) units package

(/usr/share/texlive/texmf-dist/tex/latex/amsmath/amstext.sty
Package: amstext 2000/06/29 v2.01 AMS text

(/usr/share/texlive/texmf-dist/tex/latex/amsmath/amsgen.sty
File: amsgen.sty 1999/11/30 v2.0 generic functions
\@emptytoks=\toks27
\ex@=\dimen199
))
(/usr/share/texlive/texmf-dist/tex/latex/tools/array.sty
Package: array 2018/04/30 v2.4h Tabular extension package (FMi)
\col@sep=\dimen256
\ar@mcellbox=\box57
\extrarowheight=\dimen257
\NC@list=\toks28
\extratabsurround=\skip117
\backup@length=\skip118
\ar@cellbox=\box58
)
(/usr/share/texlive/texmf-dist/tex/latex/l3packages/l3keys2e/l3keys2e.sty
Package: l3keys2e 2018-04-30 LaTeX2e option processing using LaTeX3 keys
)
\l__siunitx_tmp_box=\box59
\l__siunitx_tmp_dim=\dimen258
\l__siunitx_tmp_int=\count285
\l__siunitx_number_mantissa_length_int=\count286
\l__siunitx_number_uncert_length_int=\count287
\l__siunitx_round_int=\count288
\l__siunitx_process_decimal_int=\count289
\l__siunitx_process_uncertainty_int=\count290
\l__siunitx_process_fixed_int=\count291
\l__siunitx_process_integer_min_int=\count292
\l__siunitx_process_precision_int=\count293
\l__siunitx_group_min_int=\count294
\l__siunitx_angle_marker_box=\box60
\l__siunitx_angle_unit_box=\box61
\l__siunitx_angle_marker_dim=\dimen259
\l__siunitx_angle_unit_dim=\dimen260
\l__siunitx_unit_int=\count295
\l__siunitx_unit_denominator_int=\count296
\l__siunitx_unit_numerator_int=\count297
\l__siunitx_unit_prefix_int=\count298
\l__siunitx_unit_prefix_base_int=\count299
\l__siunitx_unit_prefix_gram_int=\count300
\l__siunitx_number_product_int=\count301
\c__siunitx_one_fill_skip=\skip119
\l__siunitx_table_unit_align_skip=\skip120
\l__siunitx_table_exponent_dim=\dimen261
\l__siunitx_table_integer_dim=\dimen262
\l__siunitx_table_mantissa_dim=\dimen263
\l__siunitx_table_marker_dim=\dimen264
\l__siunitx_table_result_dim=\dimen265
\l__siunitx_table_uncert_dim=\dimen266
\l__siunitx_table_fill_pre_dim=\dimen267
\l__siunitx_table_fill_post_dim=\dimen268
\l__siunitx_table_fill_mid_dim=\dimen269
\l__siunitx_table_pre_box=\box62
\l__siunitx_table_post_box=\box63
\l__siunitx_table_mantissa_box=\box64
\l__siunitx_table_result_box=\box65
\l__siunitx_table_number_align_skip=\skip121
\l__siunitx_table_text_align_skip=\skip122
.................................................
. LaTeX info: "xparse/define-command"
. 
. Defining command \DeclareBinaryPrefix with sig. 'mmm' on line 7244.
.................................................
.................................................
. LaTeX info: "xparse/define-command"
. 
. Defining command \DeclareSIPostPower with sig. 'mm' on line 7247.
.................................................
.................................................
. LaTeX info: "xparse/define-command"
. 
. Defining command \DeclareSIPrefix with sig. 'mmm' on line 7250.
.................................................
.................................................
. LaTeX info: "xparse/define-command"
. 
. Defining command \DeclareSIPrePower with sig. 'mm' on line 7253.
.................................................
.................................................
. LaTeX info: "xparse/define-command"
. 
. Defining command \DeclareSIQualifier with sig. 'mm' on line 7256.
.................................................
.................................................
. LaTeX info: "xparse/define-command"
. 
. Defining command \DeclareSIUnit with sig. 'O{}mm' on line 7259.
.................................................
.................................................
. LaTeX info: "xparse/define-command"
. 
. Defining command \DeclareSIUnitWithOptions with sig. 'mmm' on line 7262.
.................................................
.................................................
. LaTeX info: "xparse/define-command"
. 
. Defining command \ang with sig. 'o>{\SplitArgument {2}{;}}m' on line 7277.
.................................................
.................................................
. LaTeX info: "xparse/define-command"
. 
. Defining command \num with sig. 'om' on line 7286.
.................................................
.................................................
. LaTeX info: "xparse/define-command"
. 
. Defining command \numlist with sig. 'o>{\SplitList {;}}m' on line 7295.
.................................................
.................................................
. LaTeX info: "xparse/define-command"
. 
. Defining command \numrange with sig. 'omm' on line 7304.
.................................................
.................................................
. LaTeX info: "xparse/define-command"
. 
. Defining command \SIlist with sig. 'o>{\SplitList {;}}mm' on line 7316.
.................................................
.................................................
. LaTeX info: "xparse/define-command"
. 
. Defining command \SIrange with sig. 'ommm' on line 7328.
.................................................
.................................................
. LaTeX info: "xparse/define-command"
. 
. Defining command \SI with sig. 'omom' on line 7340.
.................................................
.................................................
. LaTeX info: "xparse/define-command"
. 
. Defining command \sisetup with sig. 'm' on line 7343.
.................................................
.................................................
. LaTeX info: "xparse/define-command"
. 
. Defining command \tablenum with sig. 'om' on line 7358.
.................................................
.................................................
. LaTeX info: "xparse/define-command"
. 
. Defining command \si with sig. 'om' on line 7370.
.................................................
.................................................
. LaTeX info: "xparse/define-command"
. 
. Defining command \numInBookmark with sig. 'om' on line 7417.
.................................................
.................................................
. LaTeX info: "xparse/define-command"
. 
. Defining command \numrangeInBookmark with sig. 'omm' on line 7419.
.................................................
.................................................
. LaTeX info: "xparse/define-command"
. 
. Defining command \SIInBookmark with sig. 'omom' on line 7421.
.................................................
.................................................
. LaTeX info: "xparse/define-command"
. 
. Defining command \SIlistInBookmark with sig. 'omm' on line 7423.
.................................................
.................................................
. LaTeX info: "xparse/define-command"
. 
. Defining command \SIrangeInBookmark with sig. 'ommm' on line 7425.
.................................................
.................................................
. LaTeX info: "xparse/define-command"
. 
. Defining command \siInBookmark with sig. 'om' on line 7426.
.................................................

(/usr/share/texlive/texmf-dist/tex/latex/translator/translator.sty
Package: translator 2018/01/04 v1.12 Easy translation of strings in LaTeX
)))
(/usr/share/texlive/texmf-dist/tex/latex/base/inputenc.sty
Package: inputenc 2018/04/06 v1.3b Input encoding file
\inpenc@prehook=\toks29
\inpenc@posthook=\toks30
)
(/usr/share/texlive/texmf-dist/tex/latex/amsfonts/amsfonts.sty
Package: amsfonts 2013/01/14 v3.01 Basic AMSFonts support
\symAMSa=\mathgroup4
\symAMSb=\mathgroup5
LaTeX Font Info:    Overwriting math alphabet `\mathfrak' in version `bold'
(Font)                  U/euf/m/n --> U/euf/b/n on input line 106.
)
(/usr/share/texlive/texmf-dist/tex/latex/base/fixltx2e.sty
Package: fixltx2e 2016/12/29 v2.1a fixes to LaTeX (obsolete)
Applying: [2015/01/01] Old fixltx2e package on input line 46.


Package fixltx2e Warning: fixltx2e is not required with releases after 2015
(fixltx2e)                All fixes are now in the LaTeX kernel.
(fixltx2e)                See the latexrelease package for details.

Already applied: [0000/00/00] Old fixltx2e package on input line 53.
) (/usr/share/texlive/texmf-dist/tex/latex/amsmath/amsmath.sty
Package: amsmath 2017/09/02 v2.17a AMS math features
\@mathmargin=\skip123

For additional information on amsmath, use the `?' option.
(/usr/share/texlive/texmf-dist/tex/latex/amsmath/amsbsy.sty
Package: amsbsy 1999/11/29 v1.2d Bold Symbols
\pmbraise@=\dimen270
)
(/usr/share/texlive/texmf-dist/tex/latex/amsmath/amsopn.sty
Package: amsopn 2016/03/08 v2.02 operator names
)
\inf@bad=\count302
LaTeX Info: Redefining \frac on input line 213.
\uproot@=\count303
\leftroot@=\count304
LaTeX Info: Redefining \overline on input line 375.
\classnum@=\count305
\DOTSCASE@=\count306
LaTeX Info: Redefining \ldots on input line 472.
LaTeX Info: Redefining \dots on input line 475.
LaTeX Info: Redefining \cdots on input line 596.
\Mathstrutbox@=\box66
\strutbox@=\box67
\big@size=\dimen271
LaTeX Font Info:    Redeclaring font encoding OML on input line 712.
LaTeX Font Info:    Redeclaring font encoding OMS on input line 713.
\macc@depth=\count307
\c@MaxMatrixCols=\count308
\dotsspace@=\muskip17
\c@parentequation=\count309
\dspbrk@lvl=\count310
\tag@help=\toks31
\row@=\count311
\column@=\count312
\maxfields@=\count313
\andhelp@=\toks32
\eqnshift@=\dimen272
\alignsep@=\dimen273
\tagshift@=\dimen274
\tagwidth@=\dimen275
\totwidth@=\dimen276
\lineht@=\dimen277
\@envbody=\toks33
\multlinegap=\skip124
\multlinetaggap=\skip125
\mathdisplay@stack=\toks34
LaTeX Info: Redefining \[ on input line 2817.
LaTeX Info: Redefining \] on input line 2818.
)
(/usr/share/texlive/texmf-dist/tex/latex/amsfonts/amssymb.sty
Package: amssymb 2013/01/14 v3.01 AMS font symbols
)
(/usr/share/texlive/texmf-dist/tex/generic/pgf/frontendlayer/tikz/libraries/tik
zlibraryfit.code.tex
File: tikzlibraryfit.code.tex 2013/07/12 v3.0.1a (rcs-revision 1.5)
)
(/usr/share/texlive/texmf-dist/tex/latex/enumitem/enumitem.sty
Package: enumitem 2011/09/28 v3.5.2 Customized lists
\labelindent=\skip126
\enit@outerparindent=\dimen278
\enit@toks=\toks35
\enit@inbox=\box68
\enitdp@description=\count314
)
(/usr/share/texlive/texmf-dist/tex/latex/float/float.sty
Package: float 2001/11/08 v1.3d Float enhancements (AL)
\c@float@type=\count315
\float@exts=\toks36
\float@box=\box69
\@float@everytoks=\toks37
\@floatcapt=\box70
)
(/usr/share/texlive/texmf-dist/tex/latex/mdwtools/footnote.sty
Package: footnote 1997/01/28 1.13 Save footnotes around boxes
\fn@notes=\box71
\fn@width=\dimen279
)
(/usr/share/texlive/texmf-dist/tex/latex/preprint/fullpage.sty
Package: fullpage 1999/02/23 1.1 (PWD)
\FP@margin=\skip127
)
(/usr/share/texlive/texmf-dist/tex/latex/import/import.sty
Package: import 2009/03/23  v 5.1
)
(/usr/share/texlive/texmf-dist/tex/latex/listings/listings.sty
\lst@mode=\count316
\lst@gtempboxa=\box72
\lst@token=\toks38
\lst@length=\count317
\lst@currlwidth=\dimen280
\lst@column=\count318
\lst@pos=\count319
\lst@lostspace=\dimen281
\lst@width=\dimen282
\lst@newlines=\count320
\lst@lineno=\count321
\lst@maxwidth=\dimen283

(/usr/share/texlive/texmf-dist/tex/latex/listings/lstmisc.sty
File: lstmisc.sty 2015/06/04 1.6 (Carsten Heinz)
\c@lstnumber=\count322
\lst@skipnumbers=\count323
\lst@framebox=\box73
)
(/usr/share/texlive/texmf-dist/tex/latex/listings/listings.cfg
File: listings.cfg 2015/06/04 1.6 listings configuration
))
Package: listings 2015/06/04 1.6 (Carsten Heinz)

(/usr/share/texmf/tex/latex/lm/lmodern.sty
Package: lmodern 2009/10/30 v1.6 Latin Modern Fonts
LaTeX Font Info:    Overwriting symbol font `operators' in version `normal'
(Font)                  OT1/cmr/m/n --> OT1/lmr/m/n on input line 22.
LaTeX Font Info:    Overwriting symbol font `letters' in version `normal'
(Font)                  OML/cmm/m/it --> OML/lmm/m/it on input line 23.
LaTeX Font Info:    Overwriting symbol font `symbols' in version `normal'
(Font)                  OMS/cmsy/m/n --> OMS/lmsy/m/n on input line 24.
LaTeX Font Info:    Overwriting symbol font `largesymbols' in version `normal'
(Font)                  OMX/cmex/m/n --> OMX/lmex/m/n on input line 25.
LaTeX Font Info:    Overwriting symbol font `operators' in version `bold'
(Font)                  OT1/cmr/bx/n --> OT1/lmr/bx/n on input line 26.
LaTeX Font Info:    Overwriting symbol font `letters' in version `bold'
(Font)                  OML/cmm/b/it --> OML/lmm/b/it on input line 27.
LaTeX Font Info:    Overwriting symbol font `symbols' in version `bold'
(Font)                  OMS/cmsy/b/n --> OMS/lmsy/b/n on input line 28.
LaTeX Font Info:    Overwriting symbol font `largesymbols' in version `bold'
(Font)                  OMX/cmex/m/n --> OMX/lmex/m/n on input line 29.
LaTeX Font Info:    Overwriting math alphabet `\mathbf' in version `normal'
(Font)                  OT1/cmr/bx/n --> OT1/lmr/bx/n on input line 31.
LaTeX Font Info:    Overwriting math alphabet `\mathsf' in version `normal'
(Font)                  OT1/cmss/m/n --> OT1/lmss/m/n on input line 32.
LaTeX Font Info:    Overwriting math alphabet `\mathit' in version `normal'
(Font)                  OT1/cmr/m/it --> OT1/lmr/m/it on input line 33.
LaTeX Font Info:    Overwriting math alphabet `\mathtt' in version `normal'
(Font)                  OT1/cmtt/m/n --> OT1/lmtt/m/n on input line 34.
LaTeX Font Info:    Overwriting math alphabet `\mathbf' in version `bold'
(Font)                  OT1/cmr/bx/n --> OT1/lmr/bx/n on input line 35.
LaTeX Font Info:    Overwriting math alphabet `\mathsf' in version `bold'
(Font)                  OT1/cmss/bx/n --> OT1/lmss/bx/n on input line 36.
LaTeX Font Info:    Overwriting math alphabet `\mathit' in version `bold'
(Font)                  OT1/cmr/bx/it --> OT1/lmr/bx/it on input line 37.
LaTeX Font Info:    Overwriting math alphabet `\mathtt' in version `bold'
(Font)                  OT1/cmtt/m/n --> OT1/lmtt/m/n on input line 38.
)
(/usr/share/texlive/texmf-dist/tex/latex/jknapltx/mathrsfs.sty
Package: mathrsfs 1996/01/01 Math RSFS package v1.0 (jk)
\symrsfs=\mathgroup6
)
(/usr/share/texlive/texmf-dist/tex/latex/oberdiek/pdflscape.sty
Package: pdflscape 2016/05/14 v0.11 Display of landscape pages in PDF (HO)

(/usr/share/texlive/texmf-dist/tex/latex/graphics/lscape.sty
Package: lscape 2000/10/22 v3.01 Landscape Pages (DPC)
)
Package pdflscape Info: Auto-detected driver: pdftex on input line 81.
)
(/usr/share/texlive/texmf-dist/tex/latex/pdfpages/pdfpages.sty
Package: pdfpages 2017/10/31 v0.5l Insert pages of external PDF documents (AM)

(/usr/share/texlive/texmf-dist/tex/latex/base/ifthen.sty
Package: ifthen 2014/09/29 v1.1c Standard LaTeX ifthen package (DPC)
)
(/usr/share/texlive/texmf-dist/tex/latex/tools/calc.sty
Package: calc 2017/05/25 v4.3 Infix arithmetic (KKT,FJ)
\calc@Acount=\count324
\calc@Bcount=\count325
\calc@Adimen=\dimen284
\calc@Bdimen=\dimen285
\calc@Askip=\skip128
\calc@Bskip=\skip129
LaTeX Info: Redefining \setlength on input line 80.
LaTeX Info: Redefining \addtolength on input line 81.
\calc@Ccount=\count326
\calc@Cskip=\skip130
)
(/usr/share/texlive/texmf-dist/tex/latex/eso-pic/eso-pic.sty
Package: eso-pic 2015/07/21 v2.0g eso-pic (RN)
)
\AM@pagewidth=\dimen286
\AM@pageheight=\dimen287

(/usr/share/texlive/texmf-dist/tex/latex/pdfpages/pppdftex.def
File: pppdftex.def 2017/10/31 v0.5l Pdfpages driver for pdfTeX (AM)
)
\AM@pagebox=\box74
\AM@global@opts=\toks39
\AM@toc@title=\toks40
\c@AM@survey=\count327
\AM@templatesizebox=\box75
)
(/usr/share/texlive/texmf-dist/tex/latex/pgfplots/pgfplots.sty
(/usr/share/texlive/texmf-dist/tex/generic/pgfplots/pgfplots.revision.tex)
Package: pgfplots 2018/03/28 v1.16 Data Visualization (1.16)

(/usr/share/texlive/texmf-dist/tex/generic/pgfplots/pgfplots.code.tex
(/usr/share/texlive/texmf-dist/tex/generic/pgfplots/pgfplotscore.code.tex
\t@pgfplots@toka=\toks41
\t@pgfplots@tokb=\toks42
\t@pgfplots@tokc=\toks43
\pgfplots@tmpa=\dimen288
\c@pgfplots@coordindex=\count328
\c@pgfplots@scanlineindex=\count329

(/usr/share/texlive/texmf-dist/tex/generic/pgfplots/sys/pgfplotssysgeneric.code
.tex))
(/usr/share/texlive/texmf-dist/tex/generic/pgfplots/libs/pgfplotslibrary.code.t
ex)
(/usr/share/texlive/texmf-dist/tex/generic/pgfplots/oldpgfcompatib/pgfplotsoldp
gfsupp_loader.code.tex
(/usr/share/texlive/texmf-dist/tex/generic/pgf/libraries/pgflibraryfpu.code.tex
)
Package pgfplots: loading complementary arithmetics for your pgf version...

(/usr/share/texlive/texmf-dist/tex/generic/pgfplots/oldpgfcompatib/pgfplotsoldp
gfsupp_pgflibraryfpu.code.tex)
(/usr/share/texlive/texmf-dist/tex/generic/pgfplots/oldpgfcompatib/pgfplotsoldp
gfsupp_pgfmathfloat.code.tex
\c@pgfmathroundto@lastzeros=\count330
)
(/usr/share/texlive/texmf-dist/tex/generic/pgfplots/oldpgfcompatib/pgfplotsoldp
gfsupp_leq.code.tex))
(/usr/share/texlive/texmf-dist/tex/generic/pgfplots/util/pgfplotsutil.code.tex
(/usr/share/texlive/texmf-dist/tex/generic/pgfplots/liststructure/pgfplotslists
tructure.code.tex)
(/usr/share/texlive/texmf-dist/tex/generic/pgfplots/liststructure/pgfplotslists
tructureext.code.tex)
(/usr/share/texlive/texmf-dist/tex/generic/pgfplots/liststructure/pgfplotsarray
.code.tex
\c@pgfplotsarray@tmp=\count331
)
(/usr/share/texlive/texmf-dist/tex/generic/pgfplots/liststructure/pgfplotsmatri
x.code.tex)
(/usr/share/texlive/texmf-dist/tex/generic/pgfplots/numtable/pgfplotstableshare
d.code.tex
\c@pgfplotstable@counta=\count332
\t@pgfplotstable@a=\toks44
)
(/usr/share/texlive/texmf-dist/tex/generic/pgfplots/liststructure/pgfplotsdeque
.code.tex)
(/usr/share/texlive/texmf-dist/tex/generic/pgfplots/util/pgfplotsbinary.code.te
x
(/usr/share/texlive/texmf-dist/tex/generic/pgfplots/util/pgfplotsbinary.data.co
de.tex))
(/usr/share/texlive/texmf-dist/tex/generic/pgfplots/util/pgfplotsutil.verb.code
.tex)
(/usr/share/texlive/texmf-dist/tex/generic/pgfplots/libs/pgflibrarypgfplots.sur
fshading.code.tex
\c@pgfplotslibrarysurf@no=\count333

(/usr/share/texlive/texmf-dist/tex/generic/pgfplots/sys/pgflibrarypgfplots.surf
shading.pgfsys-pdftex.def)))
(/usr/share/texlive/texmf-dist/tex/generic/pgfplots/util/pgfplotscolormap.code.
tex
(/usr/share/texlive/texmf-dist/tex/generic/pgfplots/util/pgfplotscolor.code.tex
))
(/usr/share/texlive/texmf-dist/tex/generic/pgfplots/pgfplotsstackedplots.code.t
ex)
(/usr/share/texlive/texmf-dist/tex/generic/pgfplots/pgfplotsplothandlers.code.t
ex
(/usr/share/texlive/texmf-dist/tex/generic/pgfplots/pgfplotsmeshplothandler.cod
e.tex
(/usr/share/texlive/texmf-dist/tex/generic/pgfplots/pgfplotsmeshplotimage.code.
tex)))
(/usr/share/texlive/texmf-dist/tex/generic/pgfplots/pgfplots.scaling.code.tex)
(/usr/share/texlive/texmf-dist/tex/generic/pgfplots/pgfplotscoordprocessing.cod
e.tex)
(/usr/share/texlive/texmf-dist/tex/generic/pgfplots/pgfplots.errorbars.code.tex
) (/usr/share/texlive/texmf-dist/tex/generic/pgfplots/pgfplots.markers.code.tex
) (/usr/share/texlive/texmf-dist/tex/generic/pgfplots/pgfplotsticks.code.tex)
(/usr/share/texlive/texmf-dist/tex/generic/pgfplots/pgfplots.paths.code.tex)
(/usr/share/texlive/texmf-dist/tex/generic/pgf/frontendlayer/tikz/libraries/tik
zlibrarydecorations.code.tex
(/usr/share/texlive/texmf-dist/tex/generic/pgf/modules/pgfmoduledecorations.cod
e.tex
\pgfdecoratedcompleteddistance=\dimen289
\pgfdecoratedremainingdistance=\dimen290
\pgfdecoratedinputsegmentcompleteddistance=\dimen291
\pgfdecoratedinputsegmentremainingdistance=\dimen292
\pgf@decorate@distancetomove=\dimen293
\pgf@decorate@repeatstate=\count334
\pgfdecorationsegmentamplitude=\dimen294
\pgfdecorationsegmentlength=\dimen295
)
\tikz@lib@dec@box=\box76
)
(/usr/share/texlive/texmf-dist/tex/generic/pgf/frontendlayer/tikz/libraries/tik
zlibrarydecorations.pathmorphing.code.tex
(/usr/share/texlive/texmf-dist/tex/generic/pgf/libraries/decorations/pgflibrary
decorations.pathmorphing.code.tex))
(/usr/share/texlive/texmf-dist/tex/generic/pgf/frontendlayer/tikz/libraries/tik
zlibrarydecorations.pathreplacing.code.tex
(/usr/share/texlive/texmf-dist/tex/generic/pgf/libraries/decorations/pgflibrary
decorations.pathreplacing.code.tex))
\pgfplots@numplots=\count335
\pgfplots@xmin@reg=\dimen296
\pgfplots@xmax@reg=\dimen297
\pgfplots@ymin@reg=\dimen298
\pgfplots@ymax@reg=\dimen299
\pgfplots@zmin@reg=\dimen300
\pgfplots@zmax@reg=\dimen301
)
(/usr/share/texlive/texmf-dist/tex/generic/pgf/frontendlayer/tikz/libraries/tik
zlibraryplotmarks.code.tex
File: tikzlibraryplotmarks.code.tex 2008/01/09 v3.0.1a (rcs-revision 1.1)

(/usr/share/texlive/texmf-dist/tex/generic/pgf/libraries/pgflibraryplotmarks.co
de.tex
File: pgflibraryplotmarks.code.tex 2015/08/03 v3.0.1a (rcs-revision 1.14)
))) (/usr/share/texlive/texmf-dist/tex/latex/csquotes/csquotes.sty
Package: csquotes 2018/04/13 v5.2d context-sensitive quotations (JAW)
\csq@reset=\count336
\csq@gtype=\count337
\csq@glevel=\count338
\csq@qlevel=\count339
\csq@maxlvl=\count340
\csq@tshold=\count341
\csq@ltx@everypar=\toks45

(/usr/share/texlive/texmf-dist/tex/latex/csquotes/csquotes.def
File: csquotes.def 2018/04/13 v5.2d csquotes generic definitions (JAW)
)
Package csquotes Info: Trying to load configuration file 'csquotes.cfg'...
Package csquotes Info: ... configuration file loaded successfully.

(/usr/share/texlive/texmf-dist/tex/latex/csquotes/csquotes.cfg
File: csquotes.cfg 
))
(/usr/share/texlive/texmf-dist/tex/latex/biblatex/biblatex.sty
Package: biblatex 2018/03/04 v3.11 programmable bibliographies (PK/MW)

(/usr/share/texlive/texmf-dist/tex/latex/logreq/logreq.sty
Package: logreq 2010/08/04 v1.0 xml request logger
\lrq@indent=\count342

(/usr/share/texlive/texmf-dist/tex/latex/logreq/logreq.def
File: logreq.def 2010/08/04 v1.0 logreq spec v1.0
))
\c@tabx@nest=\count343
\c@listtotal=\count344
\c@listcount=\count345
\c@liststart=\count346
\c@liststop=\count347
\c@citecount=\count348
\c@citetotal=\count349
\c@multicitecount=\count350
\c@multicitetotal=\count351
\c@instcount=\count352
\c@maxnames=\count353
\c@minnames=\count354
\c@maxitems=\count355
\c@minitems=\count356
\c@citecounter=\count357
\c@savedcitecounter=\count358
\c@uniquelist=\count359
\c@uniquename=\count360
\c@refsection=\count361
\c@refsegment=\count362
\c@maxextratitle=\count363
\c@maxextratitleyear=\count364
\c@maxextradate=\count365
\c@maxextraalpha=\count366
\c@abbrvpenalty=\count367
\c@highnamepenalty=\count368
\c@lownamepenalty=\count369
\c@maxparens=\count370
\c@parenlevel=\count371
\blx@tempcnta=\count372
\blx@tempcntb=\count373
\blx@tempcntc=\count374
\blx@maxsection=\count375
\blx@maxsegment@0=\count376
\blx@notetype=\count377
\blx@parenlevel@text=\count378
\blx@parenlevel@foot=\count379
\blx@sectionciteorder@0=\count380
\labelnumberwidth=\skip131
\labelalphawidth=\skip132
\biblabelsep=\skip133
\bibitemsep=\skip134
\bibnamesep=\skip135
\bibinitsep=\skip136
\bibparsep=\skip137
\bibhang=\skip138
\blx@bcfin=\read3
\blx@bcfout=\write5
\c@mincomprange=\count381
\c@maxcomprange=\count382
\c@mincompwidth=\count383
Package biblatex Info: Trying to load biblatex default data model...
Package biblatex Info: ... file 'blx-dm.def' found.

(/usr/share/texlive/texmf-dist/tex/latex/biblatex/blx-dm.def
File: blx-dm.def 2018/03/04 v3.11 biblatex localization (PK/MW)
)
Package biblatex Info: Trying to load biblatex style data model...
Package biblatex Info: ... file 'verbose-ibid.dbx' not found.
Package biblatex Info: Trying to load biblatex custom data model...
Package biblatex Info: ... file 'biblatex-dm.cfg' not found.
\c@afterword=\count384
\c@savedafterword=\count385
\c@annotator=\count386
\c@savedannotator=\count387
\c@author=\count388
\c@savedauthor=\count389
\c@bookauthor=\count390
\c@savedbookauthor=\count391
\c@commentator=\count392
\c@savedcommentator=\count393
\c@editor=\count394
\c@savededitor=\count395
\c@editora=\count396
\c@savededitora=\count397
\c@editorb=\count398
\c@savededitorb=\count399
\c@editorc=\count400
\c@savededitorc=\count401
\c@foreword=\count402
\c@savedforeword=\count403
\c@holder=\count404
\c@savedholder=\count405
\c@introduction=\count406
\c@savedintroduction=\count407
\c@namea=\count408
\c@savednamea=\count409
\c@nameb=\count410
\c@savednameb=\count411
\c@namec=\count412
\c@savednamec=\count413
\c@translator=\count414
\c@savedtranslator=\count415
\c@shortauthor=\count416
\c@savedshortauthor=\count417
\c@shorteditor=\count418
\c@savedshorteditor=\count419
\c@labelname=\count420
\c@savedlabelname=\count421
\c@institution=\count422
\c@savedinstitution=\count423
\c@lista=\count424
\c@savedlista=\count425
\c@listb=\count426
\c@savedlistb=\count427
\c@listc=\count428
\c@savedlistc=\count429
\c@listd=\count430
\c@savedlistd=\count431
\c@liste=\count432
\c@savedliste=\count433
\c@listf=\count434
\c@savedlistf=\count435
\c@location=\count436
\c@savedlocation=\count437
\c@organization=\count438
\c@savedorganization=\count439
\c@origlocation=\count440
\c@savedoriglocation=\count441
\c@origpublisher=\count442
\c@savedorigpublisher=\count443
\c@publisher=\count444
\c@savedpublisher=\count445
\c@language=\count446
\c@savedlanguage=\count447
\c@origlanguage=\count448
\c@savedoriglanguage=\count449
\c@pageref=\count450
\c@savedpageref=\count451
\shorthandwidth=\skip139
\shortjournalwidth=\skip140
\shortserieswidth=\skip141
\shorttitlewidth=\skip142
\shortauthorwidth=\skip143
\shorteditorwidth=\skip144
\locallabelnumberwidth=\skip145
\locallabelalphawidth=\skip146
\localshorthandwidth=\skip147
\localshortjournalwidth=\skip148
\localshortserieswidth=\skip149
\localshorttitlewidth=\skip150
\localshortauthorwidth=\skip151
\localshorteditorwidth=\skip152
Package biblatex Info: Trying to load compatibility code...
Package biblatex Info: ... file 'blx-compat.def' found.

(/usr/share/texlive/texmf-dist/tex/latex/biblatex/blx-compat.def
File: blx-compat.def 2018/03/04 v3.11 biblatex compatibility (PK/MW)
)
Package biblatex Info: Trying to load BibTeX backend compatibility...
Package biblatex Info: ... file 'blx-bibtex.def' found.

(/usr/share/texlive/texmf-dist/tex/latex/biblatex/blx-bibtex.def
File: blx-bibtex.def 2018/03/04 v3.11 biblatex compatibility (PK/MW)


Package biblatex Warning: Using fall-back BibTeX(8) backend:
(biblatex)                functionality may be reduced/unavailable.

)
Package biblatex Info: Trying to load generic definitions...
Package biblatex Info: ... file 'biblatex.def' found.
 (/usr/share/texlive/texmf-dist/tex/latex/biblatex/biblatex.def
File: biblatex.def 2018/03/04 v3.11 biblatex compatibility (PK/MW)
\c@textcitecount=\count452
\c@textcitetotal=\count453
\c@textcitemaxnames=\count454
\c@biburlnumpenalty=\count455
\c@biburlucpenalty=\count456
\c@biburllcpenalty=\count457
\c@smartand=\count458
)
Package biblatex Info: Trying to load bibliography style 'verbose-ibid'...
Package biblatex Info: ... file 'verbose-ibid.bbx' found.

(/usr/share/texlive/texmf-dist/tex/latex/biblatex/bbx/verbose-ibid.bbx
File: verbose-ibid.bbx 2018/03/04 v3.11 biblatex bibliography style (PK/MW)
Package biblatex Info: Trying to load bibliography style 'authortitle'...
Package biblatex Info: ... file 'authortitle.bbx' found.

(/usr/share/texlive/texmf-dist/tex/latex/biblatex/bbx/authortitle.bbx
File: authortitle.bbx 2018/03/04 v3.11 biblatex bibliography style (PK/MW)
Package biblatex Info: Trying to load bibliography style 'standard'...
Package biblatex Info: ... file 'standard.bbx' found.

(/usr/share/texlive/texmf-dist/tex/latex/biblatex/bbx/standard.bbx
File: standard.bbx 2018/03/04 v3.11 biblatex bibliography style (PK/MW)
\c@bbx:relatedcount=\count459
\c@bbx:relatedtotal=\count460
)))
Package biblatex Info: Trying to load citation style 'verbose-ibid'...
Package biblatex Info: ... file 'verbose-ibid.cbx' found.

(/usr/share/texlive/texmf-dist/tex/latex/biblatex/cbx/verbose-ibid.cbx
File: verbose-ibid.cbx 2018/03/04 v3.11 biblatex citation style (PK/MW)
Package biblatex Info: Redefining '\cite'.
Package biblatex Info: Redefining '\parencite'.
Package biblatex Info: Redefining '\footcite'.
Package biblatex Info: Redefining '\footcitetext'.
Package biblatex Info: Redefining '\smartcite'.
Package biblatex Info: Redefining '\textcite'.
Package biblatex Info: Redefining '\textcites'.
)
Package biblatex Info: Trying to load configuration file...
Package biblatex Info: ... file 'biblatex.cfg' found.

(/usr/share/texlive/texmf-dist/tex/latex/biblatex/biblatex.cfg
File: biblatex.cfg 
))
(/usr/share/texlive/texmf-dist/tex/latex/subfiles/subfiles.sty
Package: subfiles 2012/05/23 Federico Garcia

(/usr/share/texlive/texmf-dist/tex/latex/tools/verbatim.sty
Package: verbatim 2014/10/28 v1.5q LaTeX2e package for verbatim enhancements
\every@verbatim=\toks46
\verbatim@line=\toks47
\verbatim@in@stream=\read4
))
(/usr/share/texlive/texmf-dist/tex/latex/tools/tabularx.sty
Package: tabularx 2016/02/03 v2.11b `tabularx' package (DPC)
\TX@col@width=\dimen302
\TX@old@table=\dimen303
\TX@old@col=\dimen304
\TX@target=\dimen305
\TX@delta=\dimen306
\TX@cols=\count461
\TX@ftn=\toks48
)
(/usr/share/texlive/texmf-dist/tex/latex/base/textcomp.sty
Package: textcomp 2017/04/05 v2.0i Standard LaTeX package
Package textcomp Info: Sub-encoding information:
(textcomp)               5 = only ISO-Adobe without \textcurrency
(textcomp)               4 = 5 + \texteuro
(textcomp)               3 = 4 + \textohm
(textcomp)               2 = 3 + \textestimated + \textcurrency
(textcomp)               1 = TS1 - \textcircled - \t
(textcomp)               0 = TS1 (full)
(textcomp)             Font families with sub-encoding setting implement
(textcomp)             only a restricted character set as indicated.
(textcomp)             Family '?' is the default used for unknown fonts.
(textcomp)             See the documentation for details.
Package textcomp Info: Setting ? sub-encoding to TS1/1 on input line 79.

(/usr/share/texlive/texmf-dist/tex/latex/base/ts1enc.def
File: ts1enc.def 2001/06/05 v3.0e (jk/car/fm) Standard LaTeX file
Now handling font encoding TS1 ...
... processing UTF-8 mapping file for font encoding TS1

(/usr/share/texlive/texmf-dist/tex/latex/base/ts1enc.dfu
File: ts1enc.dfu 2018/04/05 v1.2c UTF-8 support for inputenc
   defining Unicode char U+00A2 (decimal 162)
   defining Unicode char U+00A3 (decimal 163)
   defining Unicode char U+00A4 (decimal 164)
   defining Unicode char U+00A5 (decimal 165)
   defining Unicode char U+00A6 (decimal 166)
   defining Unicode char U+00A7 (decimal 167)
   defining Unicode char U+00A8 (decimal 168)
   defining Unicode char U+00A9 (decimal 169)
   defining Unicode char U+00AA (decimal 170)
   defining Unicode char U+00AC (decimal 172)
   defining Unicode char U+00AE (decimal 174)
   defining Unicode char U+00AF (decimal 175)
   defining Unicode char U+00B0 (decimal 176)
   defining Unicode char U+00B1 (decimal 177)
   defining Unicode char U+00B2 (decimal 178)
   defining Unicode char U+00B3 (decimal 179)
   defining Unicode char U+00B4 (decimal 180)
   defining Unicode char U+00B5 (decimal 181)
   defining Unicode char U+00B6 (decimal 182)
   defining Unicode char U+00B7 (decimal 183)
   defining Unicode char U+00B9 (decimal 185)
   defining Unicode char U+00BA (decimal 186)
   defining Unicode char U+00BC (decimal 188)
   defining Unicode char U+00BD (decimal 189)
   defining Unicode char U+00BE (decimal 190)
   defining Unicode char U+00D7 (decimal 215)
   defining Unicode char U+00F7 (decimal 247)
   defining Unicode char U+0192 (decimal 402)
   defining Unicode char U+02C7 (decimal 711)
   defining Unicode char U+02D8 (decimal 728)
   defining Unicode char U+02DD (decimal 733)
   defining Unicode char U+0E3F (decimal 3647)
   defining Unicode char U+2016 (decimal 8214)
   defining Unicode char U+2020 (decimal 8224)
   defining Unicode char U+2021 (decimal 8225)
   defining Unicode char U+2022 (decimal 8226)
   defining Unicode char U+2030 (decimal 8240)
   defining Unicode char U+2031 (decimal 8241)
   defining Unicode char U+203B (decimal 8251)
   defining Unicode char U+203D (decimal 8253)
   defining Unicode char U+2044 (decimal 8260)
   defining Unicode char U+204E (decimal 8270)
   defining Unicode char U+2052 (decimal 8274)
   defining Unicode char U+20A1 (decimal 8353)
   defining Unicode char U+20A4 (decimal 8356)
   defining Unicode char U+20A6 (decimal 8358)
   defining Unicode char U+20A9 (decimal 8361)
   defining Unicode char U+20AB (decimal 8363)
   defining Unicode char U+20AC (decimal 8364)
   defining Unicode char U+20B1 (decimal 8369)
   defining Unicode char U+2103 (decimal 8451)
   defining Unicode char U+2116 (decimal 8470)
   defining Unicode char U+2117 (decimal 8471)
   defining Unicode char U+211E (decimal 8478)
   defining Unicode char U+2120 (decimal 8480)
   defining Unicode char U+2122 (decimal 8482)
   defining Unicode char U+2126 (decimal 8486)
   defining Unicode char U+2127 (decimal 8487)
   defining Unicode char U+212E (decimal 8494)
   defining Unicode char U+2190 (decimal 8592)
   defining Unicode char U+2191 (decimal 8593)
   defining Unicode char U+2192 (decimal 8594)
   defining Unicode char U+2193 (decimal 8595)
   defining Unicode char U+2329 (decimal 9001)
   defining Unicode char U+232A (decimal 9002)
   defining Unicode char U+2422 (decimal 9250)
   defining Unicode char U+25E6 (decimal 9702)
   defining Unicode char U+25EF (decimal 9711)
   defining Unicode char U+266A (decimal 9834)
   defining Unicode char U+FEFF (decimal 65279)
))
LaTeX Info: Redefining \oldstylenums on input line 334.
Package textcomp Info: Setting cmr sub-encoding to TS1/0 on input line 349.
Package textcomp Info: Setting cmss sub-encoding to TS1/0 on input line 350.
Package textcomp Info: Setting cmtt sub-encoding to TS1/0 on input line 351.
Package textcomp Info: Setting cmvtt sub-encoding to TS1/0 on input line 352.
Package textcomp Info: Setting cmbr sub-encoding to TS1/0 on input line 353.
Package textcomp Info: Setting cmtl sub-encoding to TS1/0 on input line 354.
Package textcomp Info: Setting ccr sub-encoding to TS1/0 on input line 355.
Package textcomp Info: Setting ptm sub-encoding to TS1/4 on input line 356.
Package textcomp Info: Setting pcr sub-encoding to TS1/4 on input line 357.
Package textcomp Info: Setting phv sub-encoding to TS1/4 on input line 358.
Package textcomp Info: Setting ppl sub-encoding to TS1/3 on input line 359.
Package textcomp Info: Setting pag sub-encoding to TS1/4 on input line 360.
Package textcomp Info: Setting pbk sub-encoding to TS1/4 on input line 361.
Package textcomp Info: Setting pnc sub-encoding to TS1/4 on input line 362.
Package textcomp Info: Setting pzc sub-encoding to TS1/4 on input line 363.
Package textcomp Info: Setting bch sub-encoding to TS1/4 on input line 364.
Package textcomp Info: Setting put sub-encoding to TS1/5 on input line 365.
Package textcomp Info: Setting uag sub-encoding to TS1/5 on input line 366.
Package textcomp Info: Setting ugq sub-encoding to TS1/5 on input line 367.
Package textcomp Info: Setting ul8 sub-encoding to TS1/4 on input line 368.
Package textcomp Info: Setting ul9 sub-encoding to TS1/4 on input line 369.
Package textcomp Info: Setting augie sub-encoding to TS1/5 on input line 370.
Package textcomp Info: Setting dayrom sub-encoding to TS1/3 on input line 371.
Package textcomp Info: Setting dayroms sub-encoding to TS1/3 on input line 372.

Package textcomp Info: Setting pxr sub-encoding to TS1/0 on input line 373.
Package textcomp Info: Setting pxss sub-encoding to TS1/0 on input line 374.
Package textcomp Info: Setting pxtt sub-encoding to TS1/0 on input line 375.
Package textcomp Info: Setting txr sub-encoding to TS1/0 on input line 376.
Package textcomp Info: Setting txss sub-encoding to TS1/0 on input line 377.
Package textcomp Info: Setting txtt sub-encoding to TS1/0 on input line 378.
Package textcomp Info: Setting lmr sub-encoding to TS1/0 on input line 379.
Package textcomp Info: Setting lmdh sub-encoding to TS1/0 on input line 380.
Package textcomp Info: Setting lmss sub-encoding to TS1/0 on input line 381.
Package textcomp Info: Setting lmssq sub-encoding to TS1/0 on input line 382.
Package textcomp Info: Setting lmvtt sub-encoding to TS1/0 on input line 383.
Package textcomp Info: Setting lmtt sub-encoding to TS1/0 on input line 384.
Package textcomp Info: Setting qhv sub-encoding to TS1/0 on input line 385.
Package textcomp Info: Setting qag sub-encoding to TS1/0 on input line 386.
Package textcomp Info: Setting qbk sub-encoding to TS1/0 on input line 387.
Package textcomp Info: Setting qcr sub-encoding to TS1/0 on input line 388.
Package textcomp Info: Setting qcs sub-encoding to TS1/0 on input line 389.
Package textcomp Info: Setting qpl sub-encoding to TS1/0 on input line 390.
Package textcomp Info: Setting qtm sub-encoding to TS1/0 on input line 391.
Package textcomp Info: Setting qzc sub-encoding to TS1/0 on input line 392.
Package textcomp Info: Setting qhvc sub-encoding to TS1/0 on input line 393.
Package textcomp Info: Setting futs sub-encoding to TS1/4 on input line 394.
Package textcomp Info: Setting futx sub-encoding to TS1/4 on input line 395.
Package textcomp Info: Setting futj sub-encoding to TS1/4 on input line 396.
Package textcomp Info: Setting hlh sub-encoding to TS1/3 on input line 397.
Package textcomp Info: Setting hls sub-encoding to TS1/3 on input line 398.
Package textcomp Info: Setting hlst sub-encoding to TS1/3 on input line 399.
Package textcomp Info: Setting hlct sub-encoding to TS1/5 on input line 400.
Package textcomp Info: Setting hlx sub-encoding to TS1/5 on input line 401.
Package textcomp Info: Setting hlce sub-encoding to TS1/5 on input line 402.
Package textcomp Info: Setting hlcn sub-encoding to TS1/5 on input line 403.
Package textcomp Info: Setting hlcw sub-encoding to TS1/5 on input line 404.
Package textcomp Info: Setting hlcf sub-encoding to TS1/5 on input line 405.
Package textcomp Info: Setting pplx sub-encoding to TS1/3 on input line 406.
Package textcomp Info: Setting pplj sub-encoding to TS1/3 on input line 407.
Package textcomp Info: Setting ptmx sub-encoding to TS1/4 on input line 408.
Package textcomp Info: Setting ptmj sub-encoding to TS1/4 on input line 409.
)
(/usr/share/texlive/texmf-dist/tex/latex/underscore/underscore.sty
Package: underscore 2006/09/13
LaTeX Info: Redefining \_ on input line 42.
)
(/usr/share/texlive/texmf-dist/tex/latex/listings/lstlang1.sty
File: lstlang1.sty 2015/06/04 1.6 listings language file
))
Package csquotes Info: Checking for multilingual support...
Package csquotes Info: ... found 'babel' package.
Package csquotes Info: Adjusting default style.
Package csquotes Info: Redefining alias 'default' -> 'danish'.
Package biblatex Info: Trying to load language 'danish'...
Package biblatex Info: ... file 'danish.lbx' found.

(/usr/share/texlive/texmf-dist/tex/latex/biblatex/lbx/danish.lbx
File: danish.lbx 2018/03/04 v3.11 biblatex localization (PK/MW)
)
(./timebox6.aux

LaTeX Warning: Label `fig:testsetup2' multiply defined.


LaTeX Warning: Label `eq:1' multiply defined.

)
\openout1 = `timebox6.aux'.

LaTeX Font Info:    Checking defaults for OML/cmm/m/it on input line 9.
LaTeX Font Info:    ... okay on input line 9.
LaTeX Font Info:    Checking defaults for T1/cmr/m/n on input line 9.
LaTeX Font Info:    ... okay on input line 9.
LaTeX Font Info:    Checking defaults for OT1/cmr/m/n on input line 9.
LaTeX Font Info:    ... okay on input line 9.
LaTeX Font Info:    Checking defaults for OMS/cmsy/m/n on input line 9.
LaTeX Font Info:    ... okay on input line 9.
LaTeX Font Info:    Checking defaults for OMX/cmex/m/n on input line 9.
LaTeX Font Info:    ... okay on input line 9.
LaTeX Font Info:    Checking defaults for U/cmr/m/n on input line 9.
LaTeX Font Info:    ... okay on input line 9.
LaTeX Font Info:    Checking defaults for PD1/pdf/m/n on input line 9.
LaTeX Font Info:    ... okay on input line 9.
LaTeX Font Info:    Checking defaults for TS1/cmr/m/n on input line 9.
LaTeX Font Info:    Try loading font information for TS1+cmr on input line 9.
 (/usr/share/texlive/texmf-dist/tex/latex/base/ts1cmr.fd
File: ts1cmr.fd 2014/09/29 v2.5h Standard LaTeX font definitions
)
LaTeX Font Info:    ... okay on input line 9.
LaTeX Font Info:    Try loading font information for T1+lmr on input line 9.

(/usr/share/texmf/tex/latex/lm/t1lmr.fd
File: t1lmr.fd 2009/10/30 v1.6 Font defs for Latin Modern
)
\AtBeginShipoutBox=\box77

(/usr/share/texlive/texmf-dist/tex/context/base/mkii/supp-pdf.mkii
[Loading MPS to PDF converter (version 2006.09.02).]
\scratchcounter=\count462
\scratchdimen=\dimen307
\scratchbox=\box78
\nofMPsegments=\count463
\nofMParguments=\count464
\everyMPshowfont=\toks49
\MPscratchCnt=\count465
\MPscratchDim=\dimen308
\MPnumerator=\count466
\makeMPintoPDFobject=\count467
\everyMPtoPDFconversion=\toks50
) (/usr/share/texlive/texmf-dist/tex/latex/oberdiek/epstopdf-base.sty
Package: epstopdf-base 2016/05/15 v2.6 Base part for package epstopdf

(/usr/share/texlive/texmf-dist/tex/latex/oberdiek/grfext.sty
Package: grfext 2016/05/16 v1.2 Manage graphics extensions (HO)
)
Package epstopdf-base Info: Redefining graphics rule for `.eps' on input line 4
38.
Package grfext Info: Graphics extension search list:
(grfext)             [.pdf,.png,.jpg,.mps,.jpeg,.jbig2,.jb2,.PDF,.PNG,.JPG,.JPE
G,.JBIG2,.JB2,.eps]
(grfext)             \AppendGraphicsExtensions on input line 456.

(/usr/share/texlive/texmf-dist/tex/latex/latexconfig/epstopdf-sys.cfg
File: epstopdf-sys.cfg 2010/07/13 v1.3 Configuration of (r)epstopdf for TeX Liv
e
))
ABD: EveryShipout initializing macros
Package hyperref Info: Link coloring OFF on input line 9.

(/usr/share/texlive/texmf-dist/tex/latex/hyperref/nameref.sty
Package: nameref 2016/05/21 v2.44 Cross-referencing by name of section

(/usr/share/texlive/texmf-dist/tex/generic/oberdiek/gettitlestring.sty
Package: gettitlestring 2016/05/16 v1.5 Cleanup title references (HO)
)
\c@section@level=\count468
)
LaTeX Info: Redefining \ref on input line 9.
LaTeX Info: Redefining \pageref on input line 9.
LaTeX Info: Redefining \nameref on input line 9.

(./timebox6.out) (./timebox6.out)
\@outlinefile=\write6
\openout6 = `timebox6.out'.


(/usr/share/texlive/texmf-dist/tex/latex/translator/translator-basic-dictionary
-English.dict
Dictionary: translator-basic-dictionary, Language: English 
)
(/usr/share/texlive/texmf-dist/tex/latex/siunitx/siunitx-abbreviations.cfg
File: siunitx-abbreviations.cfg 2017/11/26 v2.7k siunitx: Abbreviated units
)
\c@lstlisting=\count469


Package pgfplots Warning: running in backwards compatibility mode (unsuitable t
ick labels; missing features). Consider writing \pgfplotsset{compat=1.16} into 
your preamble.
 on input line 9.

Package biblatex Info: Input encoding 'utf8' detected.
Package biblatex Info: Automatic encoding selection.
(biblatex)             Assuming data encoding 'utf8'.
Package biblatex Info: Input encoding 'utf8' specified.
Package biblatex Info: Data encoding 'utf8' specified.
(biblatex)             No need to reencode data.
\openout5 = `timebox6-blx.bib'.

Package biblatex Info: Trying to load bibliographic data...
Package biblatex Info: ... file 'timebox6.bbl' found.
(./timebox6.bbl)
Package biblatex Info: Reference section=0 on input line 9.
Package biblatex Info: Reference segment=0 on input line 9.
LaTeX Font Info:    Try loading font information for OT1+lmr on input line 9.
 (/usr/share/texmf/tex/latex/lm/ot1lmr.fd
File: ot1lmr.fd 2009/10/30 v1.6 Font defs for Latin Modern
)
LaTeX Font Info:    Try loading font information for OML+lmm on input line 9.

(/usr/share/texmf/tex/latex/lm/omllmm.fd
File: omllmm.fd 2009/10/30 v1.6 Font defs for Latin Modern
)
LaTeX Font Info:    Try loading font information for OMS+lmsy on input line 9.

(/usr/share/texmf/tex/latex/lm/omslmsy.fd
File: omslmsy.fd 2009/10/30 v1.6 Font defs for Latin Modern
)
LaTeX Font Info:    Try loading font information for OMX+lmex on input line 9.

(/usr/share/texmf/tex/latex/lm/omxlmex.fd
File: omxlmex.fd 2009/10/30 v1.6 Font defs for Latin Modern
)
LaTeX Font Info:    External font `lmex10' loaded for size
(Font)              <10> on input line 9.
LaTeX Font Info:    External font `lmex10' loaded for size
(Font)              <7> on input line 9.
LaTeX Font Info:    External font `lmex10' loaded for size
(Font)              <5> on input line 9.
LaTeX Font Info:    Try loading font information for U+msa on input line 9.

(/usr/share/texlive/texmf-dist/tex/latex/amsfonts/umsa.fd
File: umsa.fd 2013/01/14 v3.01 AMS symbols A
)
LaTeX Font Info:    Try loading font information for U+msb on input line 9.

(/usr/share/texlive/texmf-dist/tex/latex/amsfonts/umsb.fd
File: umsb.fd 2013/01/14 v3.01 AMS symbols B
)
LaTeX Font Info:    Try loading font information for U+rsfs on input line 9.

(/usr/share/texlive/texmf-dist/tex/latex/jknapltx/ursfs.fd
File: ursfs.fd 1998/03/24 rsfs font definition file (jk)
)
LaTeX Font Info:    Try loading font information for OT1+lmss on input line 9.

(/usr/share/texmf/tex/latex/lm/ot1lmss.fd
File: ot1lmss.fd 2009/10/30 v1.6 Font defs for Latin Modern
)
LaTeX Font Info:    Try loading font information for OT1+lmtt on input line 9.

(/usr/share/texmf/tex/latex/lm/ot1lmtt.fd
File: ot1lmtt.fd 2009/10/30 v1.6 Font defs for Latin Modern
)
(/usr/share/texlive/texmf-dist/tex/latex/listings/lstlang1.sty
File: lstlang1.sty 2015/06/04 1.6 listings language file
)
(/usr/share/texlive/texmf-dist/tex/latex/listings/lstmisc.sty
File: lstmisc.sty 2015/06/04 1.6 (Carsten Heinz)
)
\c@udrboks=\count470
\c@formelboks=\count471
\c@konstboks=\count472
LaTeX Font Info:    External font `lmex10' loaded for size
(Font)              <12> on input line 134.
LaTeX Font Info:    External font `lmex10' loaded for size
(Font)              <8> on input line 134.
LaTeX Font Info:    External font `lmex10' loaded for size
(Font)              <6> on input line 134.
 (./timebox6.toc)
\tf@toc=\write7
\openout7 = `timebox6.toc'.

Package babel Info: Redefining danish shorthand "|
(babel)             in language  on input line 166.
Package babel Info: Redefining danish shorthand "~
(babel)             in language  on input line 166.
Package babel Info: Redefining danish shorthand "|
(babel)             in language  on input line 166.
Package babel Info: Redefining danish shorthand "~
(babel)             in language  on input line 166.
[1

{/var/lib/texmf/fonts/map/pdftex/updmap/pdftex.map}]
Package babel Info: Redefining danish shorthand "|
(babel)             in language  on input line 173.
Package babel Info: Redefining danish shorthand "~
(babel)             in language  on input line 173.
Package babel Info: Redefining danish shorthand "|
(babel)             in language  on input line 176.
Package babel Info: Redefining danish shorthand "~
(babel)             in language  on input line 176.
LaTeX Font Info:    Try loading font information for TS1+lmr on input line 190.


(/usr/share/texmf/tex/latex/lm/ts1lmr.fd
File: ts1lmr.fd 2009/10/30 v1.6 Font defs for Latin Modern
)
Package babel Info: Redefining danish shorthand "|
(babel)             in language  on input line 206.
Package babel Info: Redefining danish shorthand "~
(babel)             in language  on input line 206.
Package babel Info: Redefining danish shorthand "|
(babel)             in language  on input line 206.
Package babel Info: Redefining danish shorthand "~
(babel)             in language  on input line 206.
pdfTeX warning (ext4): destination with the same identifier (name{page.1}) has 
been already used, duplicate ignored
<to be read again> 
                   \relax 
l.206 \clearpage
                 [1]
<refpaths.JPG, id=55, 537.50812pt x 435.12563pt>
File: refpaths.JPG Graphic file (type jpg)
<use refpaths.JPG>
Package pdftex.def Info: refpaths.JPG  used on input line 211.
(pdftex.def)             Requested size: 328.82707pt x 266.19641pt.
Package babel Info: Redefining danish shorthand "|
(babel)             in language  on input line 219.
Package babel Info: Redefining danish shorthand "~
(babel)             in language  on input line 219.
Package babel Info: Redefining danish shorthand "|
(babel)             in language  on input line 219.
Package babel Info: Redefining danish shorthand "~
(babel)             in language  on input line 219.
 [2

pdfTeX warning (ext4): destination with the same identifier (name{figure.1}) ha
s been already used, duplicate ignored

\AtBegShi@Output ...ipout \box \AtBeginShipoutBox 
                                                  \fi \fi 
l.219 \clearpage
                 <./refpaths.jpg>]
LaTeX Font Info:    Try loading font information for T1+lmtt on input line 220.

 (/usr/share/texmf/tex/latex/lm/t1lmtt.fd
File: t1lmtt.fd 2009/10/30 v1.6 Font defs for Latin Modern
)
Package babel Info: Redefining danish shorthand "|
(babel)             in language  on input line 253.
Package babel Info: Redefining danish shorthand "~
(babel)             in language  on input line 253.
Package babel Info: Redefining danish shorthand "|
(babel)             in language  on input line 253.
Package babel Info: Redefining danish shorthand "~
(babel)             in language  on input line 253.

[3

]
Package babel Info: Redefining danish shorthand "|
(babel)             in language  on input line 254.
Package babel Info: Redefining danish shorthand "~
(babel)             in language  on input line 254.
<testsetup.JPG, id=98, 3276.24pt x 2457.18pt>
File: testsetup.JPG Graphic file (type jpg)
<use testsetup.JPG>
Package pdftex.def Info: testsetup.JPG  used on input line 270.
(pdftex.def)             Requested size: 3276.23206pt x 2457.17403pt.
Package babel Info: Redefining danish shorthand "|
(babel)             in language  on input line 291.
Package babel Info: Redefining danish shorthand "~
(babel)             in language  on input line 291.
Package babel Info: Redefining danish shorthand "|
(babel)             in language  on input line 291.
Package babel Info: Redefining danish shorthand "~
(babel)             in language  on input line 291.
 [4

pdfTeX warning (ext4): destination with the same identifier (name{figure.2}) ha
s been already used, duplicate ignored

\AtBegShi@Output ...ipout \box \AtBeginShipoutBox 
                                                  \fi \fi 
l.291 \item S
             tart forbrndingsmotoren vha. el-start (PWM signal fra oscillo...
 <./testsetup.JPG>]
<testsetup2.JPG, id=105, 3276.24pt x 2457.18pt>
File: testsetup2.JPG Graphic file (type jpg)
<use testsetup2.JPG>
Package pdftex.def Info: testsetup2.JPG  used on input line 302.
(pdftex.def)             Requested size: 3276.23206pt x 2457.17403pt.
<loadstjernekobling.JPG, id=106, 3276.24pt x 2457.18pt>
File: loadstjernekobling.JPG Graphic file (type jpg)
<use loadstjernekobling.JPG>
Package pdftex.def Info: loadstjernekobling.JPG  used on input line 311.
(pdftex.def)             Requested size: 3276.23206pt x 2457.17403pt.
<scope0.png, id=108, 803.0pt x 504.88625pt>
File: scope0.png Graphic file (type png)
<use scope0.png>
Package pdftex.def Info: scope0.png  used on input line 339.
(pdftex.def)             Requested size: 211.38832pt x 132.90825pt.


LaTeX Warning: `h' float specifier changed to `ht'.

Package babel Info: Redefining danish shorthand "|
(babel)             in language  on input line 353.
Package babel Info: Redefining danish shorthand "~
(babel)             in language  on input line 353.
Package babel Info: Redefining danish shorthand "|
(babel)             in language  on input line 358.
Package babel Info: Redefining danish shorthand "~
(babel)             in language  on input line 358.
Package babel Info: Redefining danish shorthand "|
(babel)             in language  on input line 358.
Package babel Info: Redefining danish shorthand "~
(babel)             in language  on input line 358.
[5pdfTeX warning (ext4): destination with the same identifier (name{figure.3}) 
has been already used, duplicate ignored

\AtBegShi@Output ...ipout \box \AtBeginShipoutBox 
                                                  \fi \fi 
l.358 D
       a forbrndingsmotoren i drift altid som minimum vil kre i tomgang,...
pdfTeX warning (ext4): destination with the same identifier (name{figure.4}) ha
s been already used, duplicate ignored

\AtBegShi@Output ...ipout \box \AtBeginShipoutBox 
                                                  \fi \fi 
l.358 D
       a forbrndingsmotoren i drift altid som minimum vil kre i tomgang,...
 <./testsetup2.JPG> <./loadstjernekobling.JPG>]
Package babel Info: Redefining danish shorthand "|
(babel)             in language  on input line 360.
Package babel Info: Redefining danish shorthand "~
(babel)             in language  on input line 360.

Overfull \hbox (14.99998pt too wide) in paragraph at lines 367--383
[]$[]$$[]$ 
 []

Package babel Info: Redefining danish shorthand "|
(babel)             in language  on input line 385.
Package babel Info: Redefining danish shorthand "~
(babel)             in language  on input line 385.
Package babel Info: Redefining danish shorthand "|
(babel)             in language  on input line 385.
Package babel Info: Redefining danish shorthand "~
(babel)             in language  on input line 385.
[6pdfTeX warning (ext4): destination with the same identifier (name{figure.5}) 
has been already used, duplicate ignored

\AtBegShi@Output ...ipout \box \AtBeginShipoutBox 
                                                  \fi \fi 
l.385 \end{document}
                     <./scope0.png (PNG copy)>]
Package atveryend Info: Empty hook `BeforeClearDocument' on input line 385.
Package atveryend Info: Empty hook `AfterLastShipout' on input line 385.
 (./timebox6.aux)
Package atveryend Info: Executing hook `AtVeryEndDocument' on input line 385.
Package atveryend Info: Executing hook `AtEndAfterFileList' on input line 385.
Package rerunfilecheck Info: File `timebox6.out' has not changed.
(rerunfilecheck)             Checksum: 9E97B3B4432A3858E06CA81B3B1D1742;333.


LaTeX Warning: There were multiply-defined labels.

Package logreq Info: Writing requests to 'timebox6.run.xml'.
\openout1 = `timebox6.run.xml'.

 ) 
Here is how much of TeX's memory you used:
 55711 strings out of 492648
 1292819 string characters out of 6132016
 1768978 words of memory out of 5000000
 58752 multiletter control sequences out of 15000+600000
 608167 words of font info for 85 fonts, out of 8000000 for 9000
 1141 hyphenation exceptions out of 8191
 69i,11n,96p,10464b,2016s stack positions out of 5000i,500n,10000p,200000b,80000s
{/usr/share/texmf/fonts/enc/dvips/lm/lm-ec.enc}{/usr/share/texmf/fonts/enc/dv
ips/lm/lm-mathsy.enc}{/usr/share/texmf/fonts/enc/dvips/lm/lm-ts1.enc}{/usr/shar
e/texmf/fonts/enc/dvips/lm/lm-rm.enc}{/usr/share/texmf/fonts/enc/dvips/lm/lm-ma
thex.enc}{/usr/share/texmf/fonts/enc/dvips/lm/lm-mathit.enc}</usr/share/texmf/f
onts/type1/public/lm/lmbx10.pfb></usr/share/texmf/fonts/type1/public/lm/lmbx12.
pfb></usr/share/texmf/fonts/type1/public/lm/lmex10.pfb></usr/share/texmf/fonts/
type1/public/lm/lmmi10.pfb></usr/share/texmf/fonts/type1/public/lm/lmmi7.pfb></
usr/share/texmf/fonts/type1/public/lm/lmr10.pfb></usr/share/texmf/fonts/type1/p
ublic/lm/lmr12.pfb></usr/share/texmf/fonts/type1/public/lm/lmr17.pfb></usr/shar
e/texmf/fonts/type1/public/lm/lmr6.pfb></usr/share/texmf/fonts/type1/public/lm/
lmr7.pfb></usr/share/texmf/fonts/type1/public/lm/lmr8.pfb></usr/share/texmf/fon
ts/type1/public/lm/lmr9.pfb></usr/share/texmf/fonts/type1/public/lm/lmsy10.pfb>
</usr/share/texmf/fonts/type1/public/lm/lmtt10.pfb>
Output written on timebox6.pdf (7 pages, 7881750 bytes).
PDF statistics:
 199 PDF objects out of 1000 (max. 8388607)
 169 compressed objects within 2 object streams
 53 named destinations out of 1000 (max. 500000)
 78 words of extra memory for PDF output out of 10000 (max. 10000000)

